2018-07-12 10:24:57,436 INFO [org.springframework.context.support.ClassPathXmlApplicationContext] - Refreshing org.springframework.context.support.ClassPathXmlApplicationContext@1996cd68: startup date [Thu Jul 12 10:24:57 CST 2018]; root of context hierarchy
2018-07-12 10:24:58,914 INFO [org.springframework.beans.factory.xml.XmlBeanDefinitionReader] - Loading XML bean definitions from class path resource [spring-config.xml]
2018-07-12 10:25:03,970 INFO [org.springframework.orm.jpa.LocalContainerEntityManagerFactoryBean] - Building JPA container EntityManagerFactory for persistence unit 'default'
2018-07-12 10:25:04,279 INFO [org.hibernate.jpa.internal.util.LogHelper] - HHH000204: Processing PersistenceUnitInfo [
	name: default
	...]
2018-07-12 10:25:06,445 INFO [org.hibernate.Version] - HHH000412: Hibernate Core {5.3.0.CR1}
2018-07-12 10:25:06,446 INFO [org.hibernate.cfg.Environment] - HHH000206: hibernate.properties not found
2018-07-12 10:25:07,210 INFO [org.hibernate.annotations.common.Version] - HCANN000001: Hibernate Commons Annotations {5.0.2.Final}
2018-07-12 10:25:12,831 INFO [org.hibernate.dialect.Dialect] - HHH000400: Using dialect: org.hibernate.dialect.MySQL5InnoDBDialect
2018-07-12 10:25:17,770 INFO [org.hibernate.tuple.PojoInstantiator] - HHH000182: No default (no-argument) constructor for class: com.zxw.entity.Project (class must be instantiated by Interceptor)
2018-07-12 10:25:18,488 INFO [org.springframework.orm.jpa.LocalContainerEntityManagerFactoryBean] - Initialized JPA EntityManagerFactory for persistence unit 'default'
2018-07-12 10:25:23,882 INFO [us.codecraft.webmagic.Spider] - Spider null started!
2018-07-12 10:25:23,883 INFO [us.codecraft.webmagic.Spider] - Spider null closed! 0 pages downloaded.
2018-07-12 10:27:58,422 INFO [org.springframework.context.support.ClassPathXmlApplicationContext] - Refreshing org.springframework.context.support.ClassPathXmlApplicationContext@1996cd68: startup date [Thu Jul 12 10:27:58 CST 2018]; root of context hierarchy
2018-07-12 10:27:58,520 INFO [org.springframework.beans.factory.xml.XmlBeanDefinitionReader] - Loading XML bean definitions from class path resource [spring-config.xml]
2018-07-12 10:27:59,571 INFO [org.springframework.orm.jpa.LocalContainerEntityManagerFactoryBean] - Building JPA container EntityManagerFactory for persistence unit 'default'
2018-07-12 10:27:59,603 INFO [org.hibernate.jpa.internal.util.LogHelper] - HHH000204: Processing PersistenceUnitInfo [
	name: default
	...]
2018-07-12 10:27:59,730 INFO [org.hibernate.Version] - HHH000412: Hibernate Core {5.3.0.CR1}
2018-07-12 10:27:59,732 INFO [org.hibernate.cfg.Environment] - HHH000206: hibernate.properties not found
2018-07-12 10:27:59,820 INFO [org.hibernate.annotations.common.Version] - HCANN000001: Hibernate Commons Annotations {5.0.2.Final}
2018-07-12 10:28:00,577 INFO [org.hibernate.dialect.Dialect] - HHH000400: Using dialect: org.hibernate.dialect.MySQL5InnoDBDialect
2018-07-12 10:28:02,583 INFO [org.springframework.orm.jpa.LocalContainerEntityManagerFactoryBean] - Initialized JPA EntityManagerFactory for persistence unit 'default'
2018-07-12 10:28:03,383 INFO [us.codecraft.webmagic.Spider] - Spider null started!
2018-07-12 10:28:03,383 INFO [us.codecraft.webmagic.Spider] - Spider null closed! 0 pages downloaded.
2018-07-12 10:37:02,580 INFO [org.springframework.context.support.ClassPathXmlApplicationContext] - Refreshing org.springframework.context.support.ClassPathXmlApplicationContext@1996cd68: startup date [Thu Jul 12 10:37:02 CST 2018]; root of context hierarchy
2018-07-12 10:37:02,676 INFO [org.springframework.beans.factory.xml.XmlBeanDefinitionReader] - Loading XML bean definitions from class path resource [spring-config.xml]
2018-07-12 10:37:03,703 INFO [org.springframework.orm.jpa.LocalContainerEntityManagerFactoryBean] - Building JPA container EntityManagerFactory for persistence unit 'default'
2018-07-12 10:37:03,730 INFO [org.hibernate.jpa.internal.util.LogHelper] - HHH000204: Processing PersistenceUnitInfo [
	name: default
	...]
2018-07-12 10:37:03,862 INFO [org.hibernate.Version] - HHH000412: Hibernate Core {5.3.0.CR1}
2018-07-12 10:37:03,864 INFO [org.hibernate.cfg.Environment] - HHH000206: hibernate.properties not found
2018-07-12 10:37:03,946 INFO [org.hibernate.annotations.common.Version] - HCANN000001: Hibernate Commons Annotations {5.0.2.Final}
2018-07-12 10:37:04,748 INFO [org.hibernate.dialect.Dialect] - HHH000400: Using dialect: org.hibernate.dialect.MySQL5InnoDBDialect
2018-07-12 10:37:06,957 INFO [org.springframework.orm.jpa.LocalContainerEntityManagerFactoryBean] - Initialized JPA EntityManagerFactory for persistence unit 'default'
2018-07-12 10:37:07,692 INFO [us.codecraft.webmagic.Spider] - Spider null started!
2018-07-12 10:37:07,693 INFO [us.codecraft.webmagic.Spider] - Spider null closed! 0 pages downloaded.
2018-07-18 11:35:41,145 INFO [us.codecraft.webmagic.Spider] - Spider www.most.gov.cn started!
2018-07-18 11:35:41,983 INFO [us.codecraft.webmagic.downloader.HttpClientDownloader] - downloading page success http://www.most.gov.cn/kjjh/xmsb/sbzj/
2018-07-18 11:35:43,476 INFO [us.codecraft.webmagic.Spider] - Spider www.most.gov.cn closed! 1 pages downloaded.
2018-07-18 12:53:05,106 INFO [org.springframework.context.support.ClassPathXmlApplicationContext] - Refreshing org.springframework.context.support.ClassPathXmlApplicationContext@1996cd68: startup date [Wed Jul 18 12:53:05 CST 2018]; root of context hierarchy
2018-07-18 12:53:05,289 INFO [org.springframework.beans.factory.xml.XmlBeanDefinitionReader] - Loading XML bean definitions from class path resource [spring-config.xml]
2018-07-18 12:53:08,374 INFO [org.springframework.orm.jpa.LocalContainerEntityManagerFactoryBean] - Building JPA container EntityManagerFactory for persistence unit 'default'
2018-07-18 12:53:08,455 INFO [org.hibernate.jpa.internal.util.LogHelper] - HHH000204: Processing PersistenceUnitInfo [
	name: default
	...]
2018-07-18 12:53:08,886 INFO [org.hibernate.Version] - HHH000412: Hibernate Core {5.3.0.CR1}
2018-07-18 12:53:08,889 INFO [org.hibernate.cfg.Environment] - HHH000206: hibernate.properties not found
2018-07-18 12:53:09,057 INFO [org.hibernate.annotations.common.Version] - HCANN000001: Hibernate Commons Annotations {5.0.2.Final}
2018-07-18 12:53:10,096 WARN [org.hibernate.engine.jdbc.env.internal.JdbcEnvironmentInitiator] - HHH000342: Could not obtain connection to query metadata : Cannot create PoolableConnectionFactory (Unknown database 'projectapply')
2018-07-18 12:53:10,202 INFO [org.hibernate.dialect.Dialect] - HHH000400: Using dialect: org.hibernate.dialect.MySQL5InnoDBDialect
2018-07-18 12:53:10,302 INFO [org.hibernate.engine.jdbc.env.internal.LobCreatorBuilderImpl] - HHH000422: Disabling contextual LOB creation as connection was null
2018-07-18 12:53:12,584 WARN [org.hibernate.engine.jdbc.spi.SqlExceptionHelper] - SQL Error: 0, SQLState: null
2018-07-18 12:53:12,584 ERROR [org.hibernate.engine.jdbc.spi.SqlExceptionHelper] - Cannot create PoolableConnectionFactory (Unknown database 'projectapply')
2018-07-18 12:53:12,591 WARN [org.springframework.context.support.ClassPathXmlApplicationContext] - Exception encountered during context initialization - cancelling refresh attempt: org.springframework.beans.factory.BeanCreationException: Error creating bean with name 'entityManagerFactory' defined in class path resource [spring-config.xml]: Invocation of init method failed; nested exception is javax.persistence.PersistenceException: [PersistenceUnit: default] Unable to build Hibernate SessionFactory; nested exception is org.hibernate.exception.GenericJDBCException: Unable to open JDBC Connection for DDL execution
2018-07-18 12:54:23,312 INFO [org.springframework.context.support.ClassPathXmlApplicationContext] - Refreshing org.springframework.context.support.ClassPathXmlApplicationContext@1996cd68: startup date [Wed Jul 18 12:54:23 CST 2018]; root of context hierarchy
2018-07-18 12:54:23,408 INFO [org.springframework.beans.factory.xml.XmlBeanDefinitionReader] - Loading XML bean definitions from class path resource [spring-config.xml]
2018-07-18 12:54:24,353 INFO [org.springframework.orm.jpa.LocalContainerEntityManagerFactoryBean] - Building JPA container EntityManagerFactory for persistence unit 'default'
2018-07-18 12:54:24,374 INFO [org.hibernate.jpa.internal.util.LogHelper] - HHH000204: Processing PersistenceUnitInfo [
	name: default
	...]
2018-07-18 12:54:24,505 INFO [org.hibernate.Version] - HHH000412: Hibernate Core {5.3.0.CR1}
2018-07-18 12:54:24,508 INFO [org.hibernate.cfg.Environment] - HHH000206: hibernate.properties not found
2018-07-18 12:54:24,607 INFO [org.hibernate.annotations.common.Version] - HCANN000001: Hibernate Commons Annotations {5.0.2.Final}
2018-07-18 12:54:25,478 INFO [org.hibernate.dialect.Dialect] - HHH000400: Using dialect: org.hibernate.dialect.MySQL5InnoDBDialect
2018-07-18 12:54:28,511 INFO [org.springframework.orm.jpa.LocalContainerEntityManagerFactoryBean] - Initialized JPA EntityManagerFactory for persistence unit 'default'
2018-07-18 12:54:29,769 INFO [org.hibernate.hql.internal.QueryTranslatorFactoryInitiator] - HHH000397: Using ASTQueryTranslatorFactory
2018-07-18 12:54:29,978 WARN [org.springframework.context.support.ClassPathXmlApplicationContext] - Exception encountered during context initialization - cancelling refresh attempt: org.springframework.beans.factory.BeanCreationException: Error creating bean with name 'MostListCrawler': Injection of resource dependencies failed; nested exception is org.springframework.beans.factory.NoSuchBeanDefinitionException: No qualifying bean of type 'processor.Most.MostBriefPageProcessor' available: expected at least 1 bean which qualifies as autowire candidate. Dependency annotations: {@javax.annotation.Resource(shareable=true, lookup=, name=, description=, authenticationType=CONTAINER, type=class java.lang.Object, mappedName=)}
2018-07-18 12:54:29,980 INFO [org.springframework.orm.jpa.LocalContainerEntityManagerFactoryBean] - Closing JPA EntityManagerFactory for persistence unit 'default'
2018-07-18 12:58:10,509 INFO [org.springframework.context.support.ClassPathXmlApplicationContext] - Refreshing org.springframework.context.support.ClassPathXmlApplicationContext@1996cd68: startup date [Wed Jul 18 12:58:10 CST 2018]; root of context hierarchy
2018-07-18 12:58:10,601 INFO [org.springframework.beans.factory.xml.XmlBeanDefinitionReader] - Loading XML bean definitions from class path resource [spring-config.xml]
2018-07-18 12:58:11,536 INFO [org.springframework.orm.jpa.LocalContainerEntityManagerFactoryBean] - Building JPA container EntityManagerFactory for persistence unit 'default'
2018-07-18 12:58:11,563 INFO [org.hibernate.jpa.internal.util.LogHelper] - HHH000204: Processing PersistenceUnitInfo [
	name: default
	...]
2018-07-18 12:58:11,698 INFO [org.hibernate.Version] - HHH000412: Hibernate Core {5.3.0.CR1}
2018-07-18 12:58:11,702 INFO [org.hibernate.cfg.Environment] - HHH000206: hibernate.properties not found
2018-07-18 12:58:11,776 INFO [org.hibernate.annotations.common.Version] - HCANN000001: Hibernate Commons Annotations {5.0.2.Final}
2018-07-18 12:58:12,460 INFO [org.hibernate.dialect.Dialect] - HHH000400: Using dialect: org.hibernate.dialect.MySQL5InnoDBDialect
2018-07-18 12:58:14,388 INFO [org.springframework.orm.jpa.LocalContainerEntityManagerFactoryBean] - Initialized JPA EntityManagerFactory for persistence unit 'default'
2018-07-18 12:58:14,964 INFO [org.hibernate.hql.internal.QueryTranslatorFactoryInitiator] - HHH000397: Using ASTQueryTranslatorFactory
2018-07-18 12:58:15,078 WARN [org.springframework.context.support.ClassPathXmlApplicationContext] - Exception encountered during context initialization - cancelling refresh attempt: org.springframework.beans.factory.BeanCreationException: Error creating bean with name 'MostListCrawler': Injection of resource dependencies failed; nested exception is org.springframework.beans.factory.NoSuchBeanDefinitionException: No qualifying bean of type 'processor.Most.MostBriefPageProcessor' available: expected at least 1 bean which qualifies as autowire candidate. Dependency annotations: {@javax.annotation.Resource(shareable=true, lookup=, name=, description=, authenticationType=CONTAINER, type=class java.lang.Object, mappedName=)}
2018-07-18 12:58:15,080 INFO [org.springframework.orm.jpa.LocalContainerEntityManagerFactoryBean] - Closing JPA EntityManagerFactory for persistence unit 'default'
2018-07-18 13:03:09,334 INFO [org.springframework.context.support.ClassPathXmlApplicationContext] - Refreshing org.springframework.context.support.ClassPathXmlApplicationContext@1996cd68: startup date [Wed Jul 18 13:03:09 CST 2018]; root of context hierarchy
2018-07-18 13:03:09,430 INFO [org.springframework.beans.factory.xml.XmlBeanDefinitionReader] - Loading XML bean definitions from class path resource [spring-config.xml]
2018-07-18 13:03:10,340 INFO [org.springframework.orm.jpa.LocalContainerEntityManagerFactoryBean] - Building JPA container EntityManagerFactory for persistence unit 'default'
2018-07-18 13:03:10,371 INFO [org.hibernate.jpa.internal.util.LogHelper] - HHH000204: Processing PersistenceUnitInfo [
	name: default
	...]
2018-07-18 13:03:10,488 INFO [org.hibernate.Version] - HHH000412: Hibernate Core {5.3.0.CR1}
2018-07-18 13:03:10,491 INFO [org.hibernate.cfg.Environment] - HHH000206: hibernate.properties not found
2018-07-18 13:03:10,582 INFO [org.hibernate.annotations.common.Version] - HCANN000001: Hibernate Commons Annotations {5.0.2.Final}
2018-07-18 13:03:11,356 INFO [org.hibernate.dialect.Dialect] - HHH000400: Using dialect: org.hibernate.dialect.MySQL5InnoDBDialect
2018-07-18 13:03:13,567 INFO [org.springframework.orm.jpa.LocalContainerEntityManagerFactoryBean] - Initialized JPA EntityManagerFactory for persistence unit 'default'
2018-07-18 13:03:14,088 INFO [org.hibernate.hql.internal.QueryTranslatorFactoryInitiator] - HHH000397: Using ASTQueryTranslatorFactory
2018-07-18 13:03:14,667 INFO [us.codecraft.webmagic.Spider] - Spider www.most.gov.cn started!
2018-07-18 13:03:15,001 INFO [us.codecraft.webmagic.downloader.HttpClientDownloader] - downloading page success http://www.most.gov.cn/kjjh/xmsb/sbzj/
2018-07-18 13:03:15,932 INFO [us.codecraft.webmagic.Spider] - Spider www.most.gov.cn closed! 1 pages downloaded.
2018-07-18 13:13:49,220 INFO [org.springframework.context.support.ClassPathXmlApplicationContext] - Refreshing org.springframework.context.support.ClassPathXmlApplicationContext@1996cd68: startup date [Wed Jul 18 13:13:49 CST 2018]; root of context hierarchy
2018-07-18 13:13:49,339 INFO [org.springframework.beans.factory.xml.XmlBeanDefinitionReader] - Loading XML bean definitions from class path resource [spring-config.xml]
2018-07-18 13:13:50,345 INFO [org.springframework.orm.jpa.LocalContainerEntityManagerFactoryBean] - Building JPA container EntityManagerFactory for persistence unit 'default'
2018-07-18 13:13:50,375 INFO [org.hibernate.jpa.internal.util.LogHelper] - HHH000204: Processing PersistenceUnitInfo [
	name: default
	...]
2018-07-18 13:13:50,537 INFO [org.hibernate.Version] - HHH000412: Hibernate Core {5.3.0.CR1}
2018-07-18 13:13:50,539 INFO [org.hibernate.cfg.Environment] - HHH000206: hibernate.properties not found
2018-07-18 13:13:50,632 INFO [org.hibernate.annotations.common.Version] - HCANN000001: Hibernate Commons Annotations {5.0.2.Final}
2018-07-18 13:13:51,384 INFO [org.hibernate.dialect.Dialect] - HHH000400: Using dialect: org.hibernate.dialect.MySQL5InnoDBDialect
2018-07-18 13:13:53,399 INFO [org.springframework.orm.jpa.LocalContainerEntityManagerFactoryBean] - Initialized JPA EntityManagerFactory for persistence unit 'default'
2018-07-18 13:13:53,914 INFO [org.hibernate.hql.internal.QueryTranslatorFactoryInitiator] - HHH000397: Using ASTQueryTranslatorFactory
2018-07-18 13:13:54,425 INFO [us.codecraft.webmagic.Spider] - Spider www.most.gov.cn started!
2018-07-18 13:13:56,837 INFO [us.codecraft.webmagic.downloader.HttpClientDownloader] - downloading page success http://www.most.gov.cn/kjjh/xmsb/sbzj/
2018-07-18 13:13:57,721 INFO [us.codecraft.webmagic.Spider] - Spider www.most.gov.cn closed! 1 pages downloaded.
2018-07-18 13:16:05,441 INFO [org.springframework.context.support.ClassPathXmlApplicationContext] - Refreshing org.springframework.context.support.ClassPathXmlApplicationContext@1996cd68: startup date [Wed Jul 18 13:16:05 CST 2018]; root of context hierarchy
2018-07-18 13:16:05,590 INFO [org.springframework.beans.factory.xml.XmlBeanDefinitionReader] - Loading XML bean definitions from class path resource [spring-config.xml]
2018-07-18 13:16:06,566 INFO [org.springframework.orm.jpa.LocalContainerEntityManagerFactoryBean] - Building JPA container EntityManagerFactory for persistence unit 'default'
2018-07-18 13:16:06,592 INFO [org.hibernate.jpa.internal.util.LogHelper] - HHH000204: Processing PersistenceUnitInfo [
	name: default
	...]
2018-07-18 13:16:06,718 INFO [org.hibernate.Version] - HHH000412: Hibernate Core {5.3.0.CR1}
2018-07-18 13:16:06,720 INFO [org.hibernate.cfg.Environment] - HHH000206: hibernate.properties not found
2018-07-18 13:16:06,795 INFO [org.hibernate.annotations.common.Version] - HCANN000001: Hibernate Commons Annotations {5.0.2.Final}
2018-07-18 13:16:07,500 INFO [org.hibernate.dialect.Dialect] - HHH000400: Using dialect: org.hibernate.dialect.MySQL5InnoDBDialect
2018-07-18 13:16:09,530 INFO [org.springframework.orm.jpa.LocalContainerEntityManagerFactoryBean] - Initialized JPA EntityManagerFactory for persistence unit 'default'
2018-07-18 13:16:09,999 INFO [org.hibernate.hql.internal.QueryTranslatorFactoryInitiator] - HHH000397: Using ASTQueryTranslatorFactory
2018-07-18 13:16:10,440 INFO [us.codecraft.webmagic.Spider] - Spider www.most.gov.cn started!
2018-07-18 13:16:11,786 INFO [us.codecraft.webmagic.downloader.HttpClientDownloader] - downloading page success http://www.most.gov.cn/kjjh/xmsb/sbzj/
2018-07-18 13:16:12,665 INFO [us.codecraft.webmagic.Spider] - Spider www.most.gov.cn closed! 1 pages downloaded.
2018-07-18 13:19:53,083 INFO [org.springframework.context.support.ClassPathXmlApplicationContext] - Refreshing org.springframework.context.support.ClassPathXmlApplicationContext@1996cd68: startup date [Wed Jul 18 13:19:53 CST 2018]; root of context hierarchy
2018-07-18 13:19:53,185 INFO [org.springframework.beans.factory.xml.XmlBeanDefinitionReader] - Loading XML bean definitions from class path resource [spring-config.xml]
2018-07-18 13:19:54,186 INFO [org.springframework.orm.jpa.LocalContainerEntityManagerFactoryBean] - Building JPA container EntityManagerFactory for persistence unit 'default'
2018-07-18 13:19:54,214 INFO [org.hibernate.jpa.internal.util.LogHelper] - HHH000204: Processing PersistenceUnitInfo [
	name: default
	...]
2018-07-18 13:19:54,334 INFO [org.hibernate.Version] - HHH000412: Hibernate Core {5.3.0.CR1}
2018-07-18 13:19:54,336 INFO [org.hibernate.cfg.Environment] - HHH000206: hibernate.properties not found
2018-07-18 13:19:54,402 INFO [org.hibernate.annotations.common.Version] - HCANN000001: Hibernate Commons Annotations {5.0.2.Final}
2018-07-18 13:19:55,149 INFO [org.hibernate.dialect.Dialect] - HHH000400: Using dialect: org.hibernate.dialect.MySQL5InnoDBDialect
2018-07-18 13:19:57,301 INFO [org.springframework.orm.jpa.LocalContainerEntityManagerFactoryBean] - Initialized JPA EntityManagerFactory for persistence unit 'default'
2018-07-18 13:19:57,794 INFO [org.hibernate.hql.internal.QueryTranslatorFactoryInitiator] - HHH000397: Using ASTQueryTranslatorFactory
2018-07-18 13:19:58,176 INFO [us.codecraft.webmagic.Spider] - Spider www.most.gov.cn started!
2018-07-18 13:19:58,748 INFO [us.codecraft.webmagic.downloader.HttpClientDownloader] - downloading page success http://www.most.gov.cn/kjjh/xmsb/sbzj/
2018-07-18 13:19:59,603 INFO [us.codecraft.webmagic.Spider] - Spider www.most.gov.cn closed! 1 pages downloaded.
2018-07-18 13:23:47,240 INFO [org.springframework.context.support.ClassPathXmlApplicationContext] - Refreshing org.springframework.context.support.ClassPathXmlApplicationContext@1996cd68: startup date [Wed Jul 18 13:23:47 CST 2018]; root of context hierarchy
2018-07-18 13:23:47,337 INFO [org.springframework.beans.factory.xml.XmlBeanDefinitionReader] - Loading XML bean definitions from class path resource [spring-config.xml]
2018-07-18 13:23:48,349 INFO [org.springframework.orm.jpa.LocalContainerEntityManagerFactoryBean] - Building JPA container EntityManagerFactory for persistence unit 'default'
2018-07-18 13:23:48,375 INFO [org.hibernate.jpa.internal.util.LogHelper] - HHH000204: Processing PersistenceUnitInfo [
	name: default
	...]
2018-07-18 13:23:48,492 INFO [org.hibernate.Version] - HHH000412: Hibernate Core {5.3.0.CR1}
2018-07-18 13:23:48,494 INFO [org.hibernate.cfg.Environment] - HHH000206: hibernate.properties not found
2018-07-18 13:23:48,574 INFO [org.hibernate.annotations.common.Version] - HCANN000001: Hibernate Commons Annotations {5.0.2.Final}
2018-07-18 13:23:49,318 INFO [org.hibernate.dialect.Dialect] - HHH000400: Using dialect: org.hibernate.dialect.MySQL5InnoDBDialect
2018-07-18 13:23:51,292 INFO [org.springframework.orm.jpa.LocalContainerEntityManagerFactoryBean] - Initialized JPA EntityManagerFactory for persistence unit 'default'
2018-07-18 13:23:51,846 INFO [org.hibernate.hql.internal.QueryTranslatorFactoryInitiator] - HHH000397: Using ASTQueryTranslatorFactory
2018-07-18 13:23:52,244 INFO [us.codecraft.webmagic.Spider] - Spider www.most.gov.cn started!
2018-07-18 13:23:52,944 INFO [us.codecraft.webmagic.downloader.HttpClientDownloader] - downloading page success http://www.most.gov.cn/kjjh/xmsb/sbzj/
2018-07-18 13:23:53,827 INFO [us.codecraft.webmagic.Spider] - Spider www.most.gov.cn closed! 1 pages downloaded.
2018-07-18 13:31:06,877 INFO [org.springframework.context.support.ClassPathXmlApplicationContext] - Refreshing org.springframework.context.support.ClassPathXmlApplicationContext@1996cd68: startup date [Wed Jul 18 13:31:06 CST 2018]; root of context hierarchy
2018-07-18 13:31:06,986 INFO [org.springframework.beans.factory.xml.XmlBeanDefinitionReader] - Loading XML bean definitions from class path resource [spring-config.xml]
2018-07-18 13:31:07,986 INFO [org.springframework.orm.jpa.LocalContainerEntityManagerFactoryBean] - Building JPA container EntityManagerFactory for persistence unit 'default'
2018-07-18 13:31:08,017 INFO [org.hibernate.jpa.internal.util.LogHelper] - HHH000204: Processing PersistenceUnitInfo [
	name: default
	...]
2018-07-18 13:31:08,182 INFO [org.hibernate.Version] - HHH000412: Hibernate Core {5.3.0.CR1}
2018-07-18 13:31:08,184 INFO [org.hibernate.cfg.Environment] - HHH000206: hibernate.properties not found
2018-07-18 13:31:08,259 INFO [org.hibernate.annotations.common.Version] - HCANN000001: Hibernate Commons Annotations {5.0.2.Final}
2018-07-18 13:31:09,081 INFO [org.hibernate.dialect.Dialect] - HHH000400: Using dialect: org.hibernate.dialect.MySQL5InnoDBDialect
2018-07-18 13:31:11,281 INFO [org.springframework.orm.jpa.LocalContainerEntityManagerFactoryBean] - Initialized JPA EntityManagerFactory for persistence unit 'default'
2018-07-18 13:31:11,829 INFO [org.hibernate.hql.internal.QueryTranslatorFactoryInitiator] - HHH000397: Using ASTQueryTranslatorFactory
2018-07-18 13:31:12,207 INFO [us.codecraft.webmagic.Spider] - Spider www.most.gov.cn started!
2018-07-18 13:31:12,731 INFO [us.codecraft.webmagic.downloader.HttpClientDownloader] - downloading page success http://www.most.gov.cn/kjjh/xmsb/sbzj/
2018-07-18 13:31:13,600 INFO [us.codecraft.webmagic.Spider] - Spider www.most.gov.cn closed! 1 pages downloaded.
2018-07-18 13:37:55,534 INFO [org.springframework.context.support.ClassPathXmlApplicationContext] - Refreshing org.springframework.context.support.ClassPathXmlApplicationContext@1996cd68: startup date [Wed Jul 18 13:37:55 CST 2018]; root of context hierarchy
2018-07-18 13:37:55,634 INFO [org.springframework.beans.factory.xml.XmlBeanDefinitionReader] - Loading XML bean definitions from class path resource [spring-config.xml]
2018-07-18 13:37:56,646 INFO [org.springframework.orm.jpa.LocalContainerEntityManagerFactoryBean] - Building JPA container EntityManagerFactory for persistence unit 'default'
2018-07-18 13:37:56,674 INFO [org.hibernate.jpa.internal.util.LogHelper] - HHH000204: Processing PersistenceUnitInfo [
	name: default
	...]
2018-07-18 13:37:56,803 INFO [org.hibernate.Version] - HHH000412: Hibernate Core {5.3.0.CR1}
2018-07-18 13:37:56,806 INFO [org.hibernate.cfg.Environment] - HHH000206: hibernate.properties not found
2018-07-18 13:37:56,895 INFO [org.hibernate.annotations.common.Version] - HCANN000001: Hibernate Commons Annotations {5.0.2.Final}
2018-07-18 13:37:57,553 INFO [org.hibernate.dialect.Dialect] - HHH000400: Using dialect: org.hibernate.dialect.MySQL5InnoDBDialect
2018-07-18 13:37:59,426 INFO [org.springframework.orm.jpa.LocalContainerEntityManagerFactoryBean] - Initialized JPA EntityManagerFactory for persistence unit 'default'
2018-07-18 13:37:59,981 INFO [org.hibernate.hql.internal.QueryTranslatorFactoryInitiator] - HHH000397: Using ASTQueryTranslatorFactory
2018-07-18 13:38:00,474 INFO [us.codecraft.webmagic.Spider] - Spider www.most.gov.cn started!
2018-07-18 13:38:01,106 INFO [us.codecraft.webmagic.downloader.HttpClientDownloader] - downloading page success http://www.most.gov.cn/kjjh/xmsb/sbzj/
2018-07-18 13:38:32,003 INFO [us.codecraft.webmagic.Spider] - Spider www.most.gov.cn closed! 1 pages downloaded.
2018-07-18 13:38:59,908 INFO [org.springframework.context.support.ClassPathXmlApplicationContext] - Refreshing org.springframework.context.support.ClassPathXmlApplicationContext@1996cd68: startup date [Wed Jul 18 13:38:59 CST 2018]; root of context hierarchy
2018-07-18 13:39:00,018 INFO [org.springframework.beans.factory.xml.XmlBeanDefinitionReader] - Loading XML bean definitions from class path resource [spring-config.xml]
2018-07-18 13:39:01,056 INFO [org.springframework.orm.jpa.LocalContainerEntityManagerFactoryBean] - Building JPA container EntityManagerFactory for persistence unit 'default'
2018-07-18 13:39:01,087 INFO [org.hibernate.jpa.internal.util.LogHelper] - HHH000204: Processing PersistenceUnitInfo [
	name: default
	...]
2018-07-18 13:39:01,220 INFO [org.hibernate.Version] - HHH000412: Hibernate Core {5.3.0.CR1}
2018-07-18 13:39:01,222 INFO [org.hibernate.cfg.Environment] - HHH000206: hibernate.properties not found
2018-07-18 13:39:01,303 INFO [org.hibernate.annotations.common.Version] - HCANN000001: Hibernate Commons Annotations {5.0.2.Final}
2018-07-18 13:39:02,139 INFO [org.hibernate.dialect.Dialect] - HHH000400: Using dialect: org.hibernate.dialect.MySQL5InnoDBDialect
2018-07-18 13:39:04,177 INFO [org.springframework.orm.jpa.LocalContainerEntityManagerFactoryBean] - Initialized JPA EntityManagerFactory for persistence unit 'default'
2018-07-18 13:39:04,743 INFO [org.hibernate.hql.internal.QueryTranslatorFactoryInitiator] - HHH000397: Using ASTQueryTranslatorFactory
2018-07-18 13:39:05,127 INFO [us.codecraft.webmagic.Spider] - Spider www.most.gov.cn started!
2018-07-18 13:39:06,200 INFO [us.codecraft.webmagic.downloader.HttpClientDownloader] - downloading page success http://www.most.gov.cn/kjjh/xmsb/sbzj/
2018-07-18 13:39:07,098 INFO [us.codecraft.webmagic.Spider] - Spider www.most.gov.cn closed! 1 pages downloaded.
2018-07-18 13:48:41,503 INFO [org.springframework.context.support.ClassPathXmlApplicationContext] - Refreshing org.springframework.context.support.ClassPathXmlApplicationContext@1996cd68: startup date [Wed Jul 18 13:48:41 CST 2018]; root of context hierarchy
2018-07-18 13:48:41,618 INFO [org.springframework.beans.factory.xml.XmlBeanDefinitionReader] - Loading XML bean definitions from class path resource [spring-config.xml]
2018-07-18 13:48:42,645 INFO [org.springframework.orm.jpa.LocalContainerEntityManagerFactoryBean] - Building JPA container EntityManagerFactory for persistence unit 'default'
2018-07-18 13:48:42,676 INFO [org.hibernate.jpa.internal.util.LogHelper] - HHH000204: Processing PersistenceUnitInfo [
	name: default
	...]
2018-07-18 13:48:42,798 INFO [org.hibernate.Version] - HHH000412: Hibernate Core {5.3.0.CR1}
2018-07-18 13:48:42,800 INFO [org.hibernate.cfg.Environment] - HHH000206: hibernate.properties not found
2018-07-18 13:48:42,875 INFO [org.hibernate.annotations.common.Version] - HCANN000001: Hibernate Commons Annotations {5.0.2.Final}
2018-07-18 13:48:43,596 INFO [org.hibernate.dialect.Dialect] - HHH000400: Using dialect: org.hibernate.dialect.MySQL5InnoDBDialect
2018-07-18 13:48:45,662 INFO [org.springframework.orm.jpa.LocalContainerEntityManagerFactoryBean] - Initialized JPA EntityManagerFactory for persistence unit 'default'
2018-07-18 13:48:46,228 INFO [org.hibernate.hql.internal.QueryTranslatorFactoryInitiator] - HHH000397: Using ASTQueryTranslatorFactory
2018-07-18 13:48:46,599 INFO [us.codecraft.webmagic.Spider] - Spider www.most.gov.cn started!
2018-07-18 13:48:47,185 INFO [us.codecraft.webmagic.downloader.HttpClientDownloader] - downloading page success http://www.most.gov.cn/kjjh/xmsb/sbzj/
2018-07-18 13:48:48,038 INFO [us.codecraft.webmagic.Spider] - Spider www.most.gov.cn closed! 1 pages downloaded.
2018-07-18 13:51:13,442 INFO [us.codecraft.webmagic.Spider] - Spider www.most.gov.cn started!
2018-07-18 13:51:14,016 INFO [us.codecraft.webmagic.downloader.HttpClientDownloader] - downloading page success http://www.most.gov.cn/kjjh/xmsb/sbzj/
2018-07-18 13:51:44,981 INFO [us.codecraft.webmagic.Spider] - Spider www.most.gov.cn closed! 1 pages downloaded.
2018-07-18 13:59:37,670 INFO [org.springframework.context.support.ClassPathXmlApplicationContext] - Refreshing org.springframework.context.support.ClassPathXmlApplicationContext@1996cd68: startup date [Wed Jul 18 13:59:37 CST 2018]; root of context hierarchy
2018-07-18 13:59:37,797 INFO [org.springframework.beans.factory.xml.XmlBeanDefinitionReader] - Loading XML bean definitions from class path resource [spring-config.xml]
2018-07-18 13:59:38,805 INFO [org.springframework.orm.jpa.LocalContainerEntityManagerFactoryBean] - Building JPA container EntityManagerFactory for persistence unit 'default'
2018-07-18 13:59:38,837 INFO [org.hibernate.jpa.internal.util.LogHelper] - HHH000204: Processing PersistenceUnitInfo [
	name: default
	...]
2018-07-18 13:59:38,974 INFO [org.hibernate.Version] - HHH000412: Hibernate Core {5.3.0.CR1}
2018-07-18 13:59:38,976 INFO [org.hibernate.cfg.Environment] - HHH000206: hibernate.properties not found
2018-07-18 13:59:39,059 INFO [org.hibernate.annotations.common.Version] - HCANN000001: Hibernate Commons Annotations {5.0.2.Final}
2018-07-18 13:59:39,814 INFO [org.hibernate.dialect.Dialect] - HHH000400: Using dialect: org.hibernate.dialect.MySQL5InnoDBDialect
2018-07-18 13:59:41,940 INFO [org.springframework.orm.jpa.LocalContainerEntityManagerFactoryBean] - Initialized JPA EntityManagerFactory for persistence unit 'default'
2018-07-18 13:59:42,500 INFO [org.hibernate.hql.internal.QueryTranslatorFactoryInitiator] - HHH000397: Using ASTQueryTranslatorFactory
2018-07-18 13:59:42,915 INFO [us.codecraft.webmagic.Spider] - Spider www.most.gov.cn started!
2018-07-18 13:59:43,447 INFO [us.codecraft.webmagic.downloader.HttpClientDownloader] - downloading page success http://www.most.gov.cn/kjjh/xmsb/sbzj/
2018-07-18 13:59:44,372 INFO [us.codecraft.webmagic.Spider] - Spider www.most.gov.cn closed! 1 pages downloaded.
2018-07-18 14:04:44,827 INFO [org.springframework.context.support.ClassPathXmlApplicationContext] - Refreshing org.springframework.context.support.ClassPathXmlApplicationContext@1996cd68: startup date [Wed Jul 18 14:04:44 CST 2018]; root of context hierarchy
2018-07-18 14:04:44,927 INFO [org.springframework.beans.factory.xml.XmlBeanDefinitionReader] - Loading XML bean definitions from class path resource [spring-config.xml]
2018-07-18 14:04:45,890 INFO [org.springframework.orm.jpa.LocalContainerEntityManagerFactoryBean] - Building JPA container EntityManagerFactory for persistence unit 'default'
2018-07-18 14:04:45,916 INFO [org.hibernate.jpa.internal.util.LogHelper] - HHH000204: Processing PersistenceUnitInfo [
	name: default
	...]
2018-07-18 14:04:46,037 INFO [org.hibernate.Version] - HHH000412: Hibernate Core {5.3.0.CR1}
2018-07-18 14:04:46,039 INFO [org.hibernate.cfg.Environment] - HHH000206: hibernate.properties not found
2018-07-18 14:04:46,113 INFO [org.hibernate.annotations.common.Version] - HCANN000001: Hibernate Commons Annotations {5.0.2.Final}
2018-07-18 14:04:46,804 INFO [org.hibernate.dialect.Dialect] - HHH000400: Using dialect: org.hibernate.dialect.MySQL5InnoDBDialect
2018-07-18 14:04:48,715 INFO [org.springframework.orm.jpa.LocalContainerEntityManagerFactoryBean] - Initialized JPA EntityManagerFactory for persistence unit 'default'
2018-07-18 14:04:49,307 INFO [org.hibernate.hql.internal.QueryTranslatorFactoryInitiator] - HHH000397: Using ASTQueryTranslatorFactory
2018-07-18 14:04:49,725 INFO [us.codecraft.webmagic.Spider] - Spider www.most.gov.cn started!
2018-07-18 14:04:50,291 INFO [us.codecraft.webmagic.downloader.HttpClientDownloader] - downloading page success http://www.most.gov.cn/kjjh/xmsb/sbzj/
2018-07-18 14:04:51,180 INFO [us.codecraft.webmagic.Spider] - Spider www.most.gov.cn closed! 1 pages downloaded.
2018-07-18 14:05:17,109 INFO [org.springframework.context.support.ClassPathXmlApplicationContext] - Refreshing org.springframework.context.support.ClassPathXmlApplicationContext@1996cd68: startup date [Wed Jul 18 14:05:17 CST 2018]; root of context hierarchy
2018-07-18 14:05:17,193 INFO [org.springframework.beans.factory.xml.XmlBeanDefinitionReader] - Loading XML bean definitions from class path resource [spring-config.xml]
2018-07-18 14:05:18,153 INFO [org.springframework.orm.jpa.LocalContainerEntityManagerFactoryBean] - Building JPA container EntityManagerFactory for persistence unit 'default'
2018-07-18 14:05:18,178 INFO [org.hibernate.jpa.internal.util.LogHelper] - HHH000204: Processing PersistenceUnitInfo [
	name: default
	...]
2018-07-18 14:05:18,293 INFO [org.hibernate.Version] - HHH000412: Hibernate Core {5.3.0.CR1}
2018-07-18 14:05:18,297 INFO [org.hibernate.cfg.Environment] - HHH000206: hibernate.properties not found
2018-07-18 14:05:18,375 INFO [org.hibernate.annotations.common.Version] - HCANN000001: Hibernate Commons Annotations {5.0.2.Final}
2018-07-18 14:05:19,022 INFO [org.hibernate.dialect.Dialect] - HHH000400: Using dialect: org.hibernate.dialect.MySQL5InnoDBDialect
2018-07-18 14:05:21,010 INFO [org.springframework.orm.jpa.LocalContainerEntityManagerFactoryBean] - Initialized JPA EntityManagerFactory for persistence unit 'default'
2018-07-18 14:05:21,553 INFO [org.hibernate.hql.internal.QueryTranslatorFactoryInitiator] - HHH000397: Using ASTQueryTranslatorFactory
2018-07-18 14:05:21,913 INFO [us.codecraft.webmagic.Spider] - Spider www.most.gov.cn started!
2018-07-18 14:05:22,420 INFO [us.codecraft.webmagic.downloader.HttpClientDownloader] - downloading page success http://www.most.gov.cn/kjjh/xmsb/sbzj/
2018-07-18 14:05:23,504 INFO [us.codecraft.webmagic.Spider] - Spider www.most.gov.cn closed! 1 pages downloaded.
2018-07-18 14:07:10,961 INFO [org.springframework.context.support.ClassPathXmlApplicationContext] - Refreshing org.springframework.context.support.ClassPathXmlApplicationContext@1996cd68: startup date [Wed Jul 18 14:07:10 CST 2018]; root of context hierarchy
2018-07-18 14:07:11,071 INFO [org.springframework.beans.factory.xml.XmlBeanDefinitionReader] - Loading XML bean definitions from class path resource [spring-config.xml]
2018-07-18 14:07:12,025 INFO [org.springframework.orm.jpa.LocalContainerEntityManagerFactoryBean] - Building JPA container EntityManagerFactory for persistence unit 'default'
2018-07-18 14:07:12,053 INFO [org.hibernate.jpa.internal.util.LogHelper] - HHH000204: Processing PersistenceUnitInfo [
	name: default
	...]
2018-07-18 14:07:12,194 INFO [org.hibernate.Version] - HHH000412: Hibernate Core {5.3.0.CR1}
2018-07-18 14:07:12,195 INFO [org.hibernate.cfg.Environment] - HHH000206: hibernate.properties not found
2018-07-18 14:07:12,272 INFO [org.hibernate.annotations.common.Version] - HCANN000001: Hibernate Commons Annotations {5.0.2.Final}
2018-07-18 14:07:13,020 INFO [org.hibernate.dialect.Dialect] - HHH000400: Using dialect: org.hibernate.dialect.MySQL5InnoDBDialect
2018-07-18 14:07:14,837 INFO [org.springframework.orm.jpa.LocalContainerEntityManagerFactoryBean] - Initialized JPA EntityManagerFactory for persistence unit 'default'
2018-07-18 14:07:15,352 INFO [org.hibernate.hql.internal.QueryTranslatorFactoryInitiator] - HHH000397: Using ASTQueryTranslatorFactory
2018-07-18 14:07:15,725 INFO [us.codecraft.webmagic.Spider] - Spider www.most.gov.cn started!
2018-07-18 14:07:16,681 INFO [us.codecraft.webmagic.downloader.HttpClientDownloader] - downloading page success http://www.most.gov.cn/kjjh/xmsb/sbzj/
2018-07-18 14:07:17,698 INFO [us.codecraft.webmagic.Spider] - Spider www.most.gov.cn closed! 1 pages downloaded.
2018-07-18 14:12:15,173 INFO [us.codecraft.webmagic.Spider] - Spider www.most.gov.cn started!
2018-07-18 14:12:15,719 INFO [us.codecraft.webmagic.downloader.HttpClientDownloader] - downloading page success http://www.most.gov.cn/kjjh/xmsb/sbzj/
2018-07-18 14:12:46,591 INFO [us.codecraft.webmagic.Spider] - Spider www.most.gov.cn closed! 1 pages downloaded.
2018-07-18 14:14:37,957 INFO [us.codecraft.webmagic.Spider] - Spider www.most.gov.cn started!
2018-07-18 14:14:38,619 INFO [us.codecraft.webmagic.downloader.HttpClientDownloader] - downloading page success http://www.most.gov.cn/kjjh/xmsb/sbzj/
2018-07-18 14:14:38,995 ERROR [us.codecraft.webmagic.Spider] - process request Request{url='http://www.most.gov.cn/kjjh/xmsb/sbzj/', method='null', extras=null, priority=0, headers={}, cookies={}} error
org.jsoup.select.Selector$SelectorParseException: Could not parse query '': unexpected token at ''
	at org.jsoup.select.QueryParser.findElements(QueryParser.java:204)
	at org.jsoup.select.QueryParser.parse(QueryParser.java:59)
	at org.jsoup.select.QueryParser.parse(QueryParser.java:42)
	at org.jsoup.select.QueryParser.combinator(QueryParser.java:87)
	at org.jsoup.select.QueryParser.parse(QueryParser.java:67)
	at org.jsoup.select.QueryParser.parse(QueryParser.java:42)
	at org.jsoup.select.Selector.<init>(Selector.java:86)
	at org.jsoup.select.Selector.select(Selector.java:108)
	at org.jsoup.nodes.Element.select(Element.java:322)
	at com.zxw.processor.Most.MostBriefPageProcessor.process(MostBriefPageProcessor.java:27)
	at us.codecraft.webmagic.Spider.onDownloadSuccess(Spider.java:414)
	at us.codecraft.webmagic.Spider.processRequest(Spider.java:406)
	at us.codecraft.webmagic.Spider.access$000(Spider.java:61)
	at us.codecraft.webmagic.Spider$1.run(Spider.java:320)
	at us.codecraft.webmagic.thread.CountableThreadPool$1.run(CountableThreadPool.java:74)
	at java.util.concurrent.ThreadPoolExecutor.runWorker(ThreadPoolExecutor.java:1142)
	at java.util.concurrent.ThreadPoolExecutor$Worker.run(ThreadPoolExecutor.java:617)
	at java.lang.Thread.run(Thread.java:745)
2018-07-18 14:14:38,999 INFO [us.codecraft.webmagic.Spider] - Spider www.most.gov.cn closed! 1 pages downloaded.
2018-07-18 14:15:02,190 INFO [us.codecraft.webmagic.Spider] - Spider www.most.gov.cn started!
2018-07-18 14:15:03,211 INFO [us.codecraft.webmagic.downloader.HttpClientDownloader] - downloading page success http://www.most.gov.cn/kjjh/xmsb/sbzj/
2018-07-18 14:15:04,234 INFO [us.codecraft.webmagic.Spider] - Spider www.most.gov.cn closed! 1 pages downloaded.
2018-07-18 14:15:44,107 INFO [us.codecraft.webmagic.Spider] - Spider www.most.gov.cn started!
2018-07-18 14:15:44,873 INFO [us.codecraft.webmagic.downloader.HttpClientDownloader] - downloading page success http://www.most.gov.cn/kjjh/xmsb/sbzj/
2018-07-18 14:15:45,899 INFO [us.codecraft.webmagic.Spider] - Spider www.most.gov.cn closed! 1 pages downloaded.
2018-07-18 14:16:48,014 INFO [us.codecraft.webmagic.Spider] - Spider www.most.gov.cn started!
2018-07-18 14:16:48,193 WARN [us.codecraft.webmagic.downloader.HttpClientDownloader] - download page http://www.most.gov.cn/kjjh/xmsb/sbzj/ error
java.net.UnknownHostException: www.most.gov.cn
	at java.net.Inet6AddressImpl.lookupAllHostAddr(Native Method)
	at java.net.InetAddress$2.lookupAllHostAddr(InetAddress.java:907)
	at java.net.InetAddress.getAddressesFromNameService(InetAddress.java:1302)
	at java.net.InetAddress.getAllByName0(InetAddress.java:1255)
	at java.net.InetAddress.getAllByName(InetAddress.java:1171)
	at java.net.InetAddress.getAllByName(InetAddress.java:1105)
	at org.apache.http.impl.conn.SystemDefaultDnsResolver.resolve(SystemDefaultDnsResolver.java:45)
	at org.apache.http.impl.conn.DefaultHttpClientConnectionOperator.connect(DefaultHttpClientConnectionOperator.java:111)
	at org.apache.http.impl.conn.PoolingHttpClientConnectionManager.connect(PoolingHttpClientConnectionManager.java:353)
	at org.apache.http.impl.execchain.MainClientExec.establishRoute(MainClientExec.java:380)
	at org.apache.http.impl.execchain.MainClientExec.execute(MainClientExec.java:236)
	at org.apache.http.impl.execchain.ProtocolExec.execute(ProtocolExec.java:184)
	at org.apache.http.impl.execchain.RetryExec.execute(RetryExec.java:88)
	at org.apache.http.impl.execchain.RedirectExec.execute(RedirectExec.java:110)
	at org.apache.http.impl.client.InternalHttpClient.doExecute(InternalHttpClient.java:184)
	at org.apache.http.impl.client.CloseableHttpClient.execute(CloseableHttpClient.java:82)
	at us.codecraft.webmagic.downloader.HttpClientDownloader.download(HttpClientDownloader.java:85)
	at us.codecraft.webmagic.Spider.processRequest(Spider.java:404)
	at us.codecraft.webmagic.Spider.access$000(Spider.java:61)
	at us.codecraft.webmagic.Spider$1.run(Spider.java:320)
	at us.codecraft.webmagic.thread.CountableThreadPool$1.run(CountableThreadPool.java:74)
	at java.util.concurrent.ThreadPoolExecutor.runWorker(ThreadPoolExecutor.java:1142)
	at java.util.concurrent.ThreadPoolExecutor$Worker.run(ThreadPoolExecutor.java:617)
	at java.lang.Thread.run(Thread.java:745)
2018-07-18 14:17:18,714 INFO [us.codecraft.webmagic.Spider] - Spider www.most.gov.cn closed! 1 pages downloaded.
2018-07-18 14:17:50,820 INFO [us.codecraft.webmagic.Spider] - Spider www.most.gov.cn started!
2018-07-18 14:17:51,606 INFO [us.codecraft.webmagic.downloader.HttpClientDownloader] - downloading page success http://www.most.gov.cn/kjjh/xmsb/sbzj/
2018-07-18 14:17:52,773 INFO [us.codecraft.webmagic.Spider] - Spider www.most.gov.cn closed! 1 pages downloaded.
2018-07-18 14:18:40,979 INFO [us.codecraft.webmagic.Spider] - Spider www.most.gov.cn started!
2018-07-18 14:18:41,524 INFO [us.codecraft.webmagic.downloader.HttpClientDownloader] - downloading page success http://www.most.gov.cn/kjjh/xmsb/sbzj/
2018-07-18 14:19:12,406 INFO [us.codecraft.webmagic.Spider] - Spider www.most.gov.cn closed! 1 pages downloaded.
2018-07-18 14:19:28,241 INFO [us.codecraft.webmagic.Spider] - Spider www.most.gov.cn started!
2018-07-18 14:19:28,845 INFO [us.codecraft.webmagic.downloader.HttpClientDownloader] - downloading page success http://www.most.gov.cn/kjjh/xmsb/sbzj/
2018-07-18 14:19:59,732 INFO [us.codecraft.webmagic.Spider] - Spider www.most.gov.cn closed! 1 pages downloaded.
2018-07-18 14:20:52,998 INFO [us.codecraft.webmagic.Spider] - Spider www.most.gov.cn started!
2018-07-18 14:20:53,211 WARN [us.codecraft.webmagic.downloader.HttpClientDownloader] - download page http://www.most.gov.cn/kjjh/xmsb/sbzj/ error
java.net.UnknownHostException: www.most.gov.cn
	at java.net.Inet6AddressImpl.lookupAllHostAddr(Native Method)
	at java.net.InetAddress$2.lookupAllHostAddr(InetAddress.java:907)
	at java.net.InetAddress.getAddressesFromNameService(InetAddress.java:1302)
	at java.net.InetAddress.getAllByName0(InetAddress.java:1255)
	at java.net.InetAddress.getAllByName(InetAddress.java:1171)
	at java.net.InetAddress.getAllByName(InetAddress.java:1105)
	at org.apache.http.impl.conn.SystemDefaultDnsResolver.resolve(SystemDefaultDnsResolver.java:45)
	at org.apache.http.impl.conn.DefaultHttpClientConnectionOperator.connect(DefaultHttpClientConnectionOperator.java:111)
	at org.apache.http.impl.conn.PoolingHttpClientConnectionManager.connect(PoolingHttpClientConnectionManager.java:353)
	at org.apache.http.impl.execchain.MainClientExec.establishRoute(MainClientExec.java:380)
	at org.apache.http.impl.execchain.MainClientExec.execute(MainClientExec.java:236)
	at org.apache.http.impl.execchain.ProtocolExec.execute(ProtocolExec.java:184)
	at org.apache.http.impl.execchain.RetryExec.execute(RetryExec.java:88)
	at org.apache.http.impl.execchain.RedirectExec.execute(RedirectExec.java:110)
	at org.apache.http.impl.client.InternalHttpClient.doExecute(InternalHttpClient.java:184)
	at org.apache.http.impl.client.CloseableHttpClient.execute(CloseableHttpClient.java:82)
	at us.codecraft.webmagic.downloader.HttpClientDownloader.download(HttpClientDownloader.java:85)
	at us.codecraft.webmagic.Spider.processRequest(Spider.java:404)
	at us.codecraft.webmagic.Spider.access$000(Spider.java:61)
	at us.codecraft.webmagic.Spider$1.run(Spider.java:320)
	at us.codecraft.webmagic.thread.CountableThreadPool$1.run(CountableThreadPool.java:74)
	at java.util.concurrent.ThreadPoolExecutor.runWorker(ThreadPoolExecutor.java:1142)
	at java.util.concurrent.ThreadPoolExecutor$Worker.run(ThreadPoolExecutor.java:617)
	at java.lang.Thread.run(Thread.java:745)
2018-07-18 14:20:53,727 INFO [us.codecraft.webmagic.Spider] - Spider www.most.gov.cn closed! 1 pages downloaded.
2018-07-18 14:21:15,603 INFO [us.codecraft.webmagic.Spider] - Spider www.most.gov.cn started!
2018-07-18 14:21:16,214 INFO [us.codecraft.webmagic.downloader.HttpClientDownloader] - downloading page success http://www.most.gov.cn/kjjh/xmsb/sbzj/
2018-07-18 14:21:17,105 INFO [us.codecraft.webmagic.Spider] - Spider www.most.gov.cn closed! 1 pages downloaded.
2018-07-18 14:27:32,074 INFO [us.codecraft.webmagic.Spider] - Spider www.most.gov.cn started!
2018-07-18 14:27:33,083 INFO [us.codecraft.webmagic.downloader.HttpClientDownloader] - downloading page success http://www.most.gov.cn/kjjh/xmsb/sbzj/
2018-07-18 14:27:34,015 INFO [us.codecraft.webmagic.Spider] - Spider www.most.gov.cn closed! 1 pages downloaded.
2018-07-18 14:29:19,606 INFO [us.codecraft.webmagic.Spider] - Spider www.most.gov.cn started!
2018-07-18 14:29:20,876 INFO [us.codecraft.webmagic.downloader.HttpClientDownloader] - downloading page success http://www.most.gov.cn/kjjh/xmsb/sbzj/
2018-07-18 14:29:21,708 INFO [us.codecraft.webmagic.Spider] - Spider www.most.gov.cn closed! 1 pages downloaded.
2018-07-18 14:29:59,835 INFO [us.codecraft.webmagic.Spider] - Spider www.most.gov.cn started!
2018-07-18 14:30:00,697 INFO [us.codecraft.webmagic.downloader.HttpClientDownloader] - downloading page success http://www.most.gov.cn/kjjh/xmsb/sbzj/
2018-07-18 14:30:01,685 INFO [us.codecraft.webmagic.Spider] - Spider www.most.gov.cn closed! 1 pages downloaded.
2018-07-18 14:30:35,697 INFO [us.codecraft.webmagic.Spider] - Spider www.most.gov.cn started!
2018-07-18 14:30:36,305 INFO [us.codecraft.webmagic.downloader.HttpClientDownloader] - downloading page success http://www.most.gov.cn/kjjh/xmsb/sbzj/
2018-07-18 14:31:07,285 INFO [us.codecraft.webmagic.Spider] - Spider www.most.gov.cn closed! 1 pages downloaded.
2018-07-18 14:31:34,029 INFO [us.codecraft.webmagic.Spider] - Spider www.most.gov.cn started!
2018-07-18 14:31:34,582 INFO [us.codecraft.webmagic.downloader.HttpClientDownloader] - downloading page success http://www.most.gov.cn/kjjh/xmsb/sbzj/
2018-07-18 14:31:35,494 INFO [us.codecraft.webmagic.Spider] - Spider www.most.gov.cn closed! 1 pages downloaded.
2018-07-18 14:32:28,918 INFO [us.codecraft.webmagic.Spider] - Spider www.most.gov.cn started!
2018-07-18 14:32:29,534 INFO [us.codecraft.webmagic.downloader.HttpClientDownloader] - downloading page success http://www.most.gov.cn/kjjh/xmsb/sbzj/
2018-07-18 14:32:30,414 INFO [us.codecraft.webmagic.Spider] - Spider www.most.gov.cn closed! 1 pages downloaded.
2018-07-18 14:33:08,694 INFO [us.codecraft.webmagic.Spider] - Spider www.most.gov.cn started!
2018-07-18 14:33:09,230 INFO [us.codecraft.webmagic.downloader.HttpClientDownloader] - downloading page success http://www.most.gov.cn/kjjh/xmsb/sbzj/
2018-07-18 14:33:40,131 INFO [us.codecraft.webmagic.Spider] - Spider www.most.gov.cn closed! 1 pages downloaded.
2018-07-18 14:33:43,486 INFO [us.codecraft.webmagic.Spider] - Spider www.most.gov.cn started!
2018-07-18 14:33:44,113 INFO [us.codecraft.webmagic.downloader.HttpClientDownloader] - downloading page success http://www.most.gov.cn/kjjh/xmsb/sbzj/
2018-07-18 14:34:14,998 INFO [us.codecraft.webmagic.Spider] - Spider www.most.gov.cn closed! 1 pages downloaded.
2018-07-18 14:35:19,071 INFO [us.codecraft.webmagic.Spider] - Spider www.most.gov.cn started!
2018-07-18 14:35:19,673 INFO [us.codecraft.webmagic.downloader.HttpClientDownloader] - downloading page success http://www.most.gov.cn/kjjh/xmsb/sbzj/
2018-07-18 14:35:50,732 INFO [us.codecraft.webmagic.Spider] - Spider www.most.gov.cn closed! 1 pages downloaded.
2018-07-18 14:38:59,647 INFO [org.springframework.context.support.ClassPathXmlApplicationContext] - Refreshing org.springframework.context.support.ClassPathXmlApplicationContext@1996cd68: startup date [Wed Jul 18 14:38:59 CST 2018]; root of context hierarchy
2018-07-18 14:38:59,734 INFO [org.springframework.beans.factory.xml.XmlBeanDefinitionReader] - Loading XML bean definitions from class path resource [spring-config.xml]
2018-07-18 14:39:00,667 INFO [org.springframework.orm.jpa.LocalContainerEntityManagerFactoryBean] - Building JPA container EntityManagerFactory for persistence unit 'default'
2018-07-18 14:39:00,693 INFO [org.hibernate.jpa.internal.util.LogHelper] - HHH000204: Processing PersistenceUnitInfo [
	name: default
	...]
2018-07-18 14:39:00,814 INFO [org.hibernate.Version] - HHH000412: Hibernate Core {5.3.0.CR1}
2018-07-18 14:39:00,816 INFO [org.hibernate.cfg.Environment] - HHH000206: hibernate.properties not found
2018-07-18 14:39:00,888 INFO [org.hibernate.annotations.common.Version] - HCANN000001: Hibernate Commons Annotations {5.0.2.Final}
2018-07-18 14:39:01,532 INFO [org.hibernate.dialect.Dialect] - HHH000400: Using dialect: org.hibernate.dialect.MySQL5InnoDBDialect
2018-07-18 14:39:03,483 INFO [org.springframework.orm.jpa.LocalContainerEntityManagerFactoryBean] - Initialized JPA EntityManagerFactory for persistence unit 'default'
2018-07-18 14:39:03,955 INFO [org.hibernate.hql.internal.QueryTranslatorFactoryInitiator] - HHH000397: Using ASTQueryTranslatorFactory
2018-07-18 14:39:04,351 INFO [us.codecraft.webmagic.Spider] - Spider www.most.gov.cn started!
2018-07-18 14:39:05,131 INFO [us.codecraft.webmagic.downloader.HttpClientDownloader] - downloading page success http://www.most.gov.cn/kjjh/xmsb/sbzj/
2018-07-18 14:39:06,009 INFO [us.codecraft.webmagic.Spider] - Spider www.most.gov.cn closed! 1 pages downloaded.
2018-07-18 14:55:49,289 INFO [us.codecraft.webmagic.Spider] - Spider www.most.gov.cn started!
2018-07-18 14:55:50,232 INFO [us.codecraft.webmagic.downloader.HttpClientDownloader] - downloading page success http://www.most.gov.cn/kjjh/xmsb/sbzj/
2018-07-18 14:55:51,272 INFO [us.codecraft.webmagic.Spider] - Spider www.most.gov.cn closed! 1 pages downloaded.
2018-07-18 14:58:18,022 INFO [us.codecraft.webmagic.Spider] - Spider www.most.gov.cn started!
2018-07-18 14:58:18,658 INFO [us.codecraft.webmagic.downloader.HttpClientDownloader] - downloading page success http://www.most.gov.cn/kjjh/xmsb/sbzj/
2018-07-18 14:58:19,708 INFO [us.codecraft.webmagic.Spider] - Spider www.most.gov.cn closed! 1 pages downloaded.
2018-07-18 14:58:30,749 INFO [org.springframework.context.support.ClassPathXmlApplicationContext] - Refreshing org.springframework.context.support.ClassPathXmlApplicationContext@1996cd68: startup date [Wed Jul 18 14:58:30 CST 2018]; root of context hierarchy
2018-07-18 14:58:30,855 INFO [org.springframework.beans.factory.xml.XmlBeanDefinitionReader] - Loading XML bean definitions from class path resource [spring-config.xml]
2018-07-18 14:58:31,766 INFO [org.springframework.orm.jpa.LocalContainerEntityManagerFactoryBean] - Building JPA container EntityManagerFactory for persistence unit 'default'
2018-07-18 14:58:31,793 INFO [org.hibernate.jpa.internal.util.LogHelper] - HHH000204: Processing PersistenceUnitInfo [
	name: default
	...]
2018-07-18 14:58:31,909 INFO [org.hibernate.Version] - HHH000412: Hibernate Core {5.3.0.CR1}
2018-07-18 14:58:31,911 INFO [org.hibernate.cfg.Environment] - HHH000206: hibernate.properties not found
2018-07-18 14:58:31,990 INFO [org.hibernate.annotations.common.Version] - HCANN000001: Hibernate Commons Annotations {5.0.2.Final}
2018-07-18 14:58:32,678 INFO [org.hibernate.dialect.Dialect] - HHH000400: Using dialect: org.hibernate.dialect.MySQL5InnoDBDialect
2018-07-18 14:58:34,664 INFO [org.springframework.orm.jpa.LocalContainerEntityManagerFactoryBean] - Initialized JPA EntityManagerFactory for persistence unit 'default'
2018-07-18 14:58:35,218 INFO [org.hibernate.hql.internal.QueryTranslatorFactoryInitiator] - HHH000397: Using ASTQueryTranslatorFactory
2018-07-18 14:58:35,594 INFO [us.codecraft.webmagic.Spider] - Spider www.most.gov.cn started!
2018-07-18 14:58:36,065 INFO [us.codecraft.webmagic.downloader.HttpClientDownloader] - downloading page success http://www.most.gov.cn/kjjh/xmsb/sbzj/
2018-07-18 14:58:36,968 INFO [us.codecraft.webmagic.Spider] - Spider www.most.gov.cn closed! 1 pages downloaded.
2018-07-18 14:59:20,103 INFO [org.springframework.context.support.ClassPathXmlApplicationContext] - Refreshing org.springframework.context.support.ClassPathXmlApplicationContext@1996cd68: startup date [Wed Jul 18 14:59:20 CST 2018]; root of context hierarchy
2018-07-18 14:59:20,200 INFO [org.springframework.beans.factory.xml.XmlBeanDefinitionReader] - Loading XML bean definitions from class path resource [spring-config.xml]
2018-07-18 14:59:21,214 INFO [org.springframework.orm.jpa.LocalContainerEntityManagerFactoryBean] - Building JPA container EntityManagerFactory for persistence unit 'default'
2018-07-18 14:59:21,240 INFO [org.hibernate.jpa.internal.util.LogHelper] - HHH000204: Processing PersistenceUnitInfo [
	name: default
	...]
2018-07-18 14:59:21,355 INFO [org.hibernate.Version] - HHH000412: Hibernate Core {5.3.0.CR1}
2018-07-18 14:59:21,357 INFO [org.hibernate.cfg.Environment] - HHH000206: hibernate.properties not found
2018-07-18 14:59:21,427 INFO [org.hibernate.annotations.common.Version] - HCANN000001: Hibernate Commons Annotations {5.0.2.Final}
2018-07-18 14:59:22,151 INFO [org.hibernate.dialect.Dialect] - HHH000400: Using dialect: org.hibernate.dialect.MySQL5InnoDBDialect
2018-07-18 14:59:24,334 INFO [org.springframework.orm.jpa.LocalContainerEntityManagerFactoryBean] - Initialized JPA EntityManagerFactory for persistence unit 'default'
2018-07-18 14:59:24,930 INFO [org.hibernate.hql.internal.QueryTranslatorFactoryInitiator] - HHH000397: Using ASTQueryTranslatorFactory
2018-07-18 14:59:25,331 INFO [us.codecraft.webmagic.Spider] - Spider www.most.gov.cn started!
2018-07-18 14:59:25,904 INFO [us.codecraft.webmagic.downloader.HttpClientDownloader] - downloading page success http://www.most.gov.cn/kjjh/xmsb/sbzj/
2018-07-18 14:59:26,777 INFO [us.codecraft.webmagic.Spider] - Spider www.most.gov.cn closed! 1 pages downloaded.
2018-07-18 15:00:07,738 INFO [org.springframework.context.support.ClassPathXmlApplicationContext] - Refreshing org.springframework.context.support.ClassPathXmlApplicationContext@1996cd68: startup date [Wed Jul 18 15:00:07 CST 2018]; root of context hierarchy
2018-07-18 15:00:07,830 INFO [org.springframework.beans.factory.xml.XmlBeanDefinitionReader] - Loading XML bean definitions from class path resource [spring-config.xml]
2018-07-18 15:00:08,782 INFO [org.springframework.orm.jpa.LocalContainerEntityManagerFactoryBean] - Building JPA container EntityManagerFactory for persistence unit 'default'
2018-07-18 15:00:08,810 INFO [org.hibernate.jpa.internal.util.LogHelper] - HHH000204: Processing PersistenceUnitInfo [
	name: default
	...]
2018-07-18 15:00:08,923 INFO [org.hibernate.Version] - HHH000412: Hibernate Core {5.3.0.CR1}
2018-07-18 15:00:08,926 INFO [org.hibernate.cfg.Environment] - HHH000206: hibernate.properties not found
2018-07-18 15:00:09,007 INFO [org.hibernate.annotations.common.Version] - HCANN000001: Hibernate Commons Annotations {5.0.2.Final}
2018-07-18 15:00:09,688 INFO [org.hibernate.dialect.Dialect] - HHH000400: Using dialect: org.hibernate.dialect.MySQL5InnoDBDialect
2018-07-18 15:00:11,579 INFO [org.springframework.orm.jpa.LocalContainerEntityManagerFactoryBean] - Initialized JPA EntityManagerFactory for persistence unit 'default'
2018-07-18 15:00:12,143 INFO [org.hibernate.hql.internal.QueryTranslatorFactoryInitiator] - HHH000397: Using ASTQueryTranslatorFactory
2018-07-18 15:00:12,710 INFO [us.codecraft.webmagic.Spider] - Spider www.most.gov.cn started!
2018-07-18 15:00:13,734 INFO [us.codecraft.webmagic.downloader.HttpClientDownloader] - downloading page success http://www.most.gov.cn/kjjh/xmsb/sbzj/
2018-07-18 15:00:14,664 INFO [us.codecraft.webmagic.Spider] - Spider www.most.gov.cn closed! 1 pages downloaded.
2018-07-18 15:00:46,165 INFO [us.codecraft.webmagic.Spider] - Spider www.most.gov.cn started!
2018-07-18 15:00:46,894 INFO [us.codecraft.webmagic.downloader.HttpClientDownloader] - downloading page success http://www.most.gov.cn/kjjh/xmsb/sbzj/
2018-07-18 15:00:48,026 INFO [us.codecraft.webmagic.Spider] - Spider www.most.gov.cn closed! 1 pages downloaded.
2018-07-18 15:01:47,902 INFO [us.codecraft.webmagic.Spider] - Spider www.most.gov.cn started!
2018-07-18 15:01:48,094 WARN [us.codecraft.webmagic.downloader.HttpClientDownloader] - download page http://www.most.gov.cn/kjjh/xmsb/sbzj/ error
java.net.UnknownHostException: www.most.gov.cn
	at java.net.Inet6AddressImpl.lookupAllHostAddr(Native Method)
	at java.net.InetAddress$2.lookupAllHostAddr(InetAddress.java:907)
	at java.net.InetAddress.getAddressesFromNameService(InetAddress.java:1302)
	at java.net.InetAddress.getAllByName0(InetAddress.java:1255)
	at java.net.InetAddress.getAllByName(InetAddress.java:1171)
	at java.net.InetAddress.getAllByName(InetAddress.java:1105)
	at org.apache.http.impl.conn.SystemDefaultDnsResolver.resolve(SystemDefaultDnsResolver.java:45)
	at org.apache.http.impl.conn.DefaultHttpClientConnectionOperator.connect(DefaultHttpClientConnectionOperator.java:111)
	at org.apache.http.impl.conn.PoolingHttpClientConnectionManager.connect(PoolingHttpClientConnectionManager.java:353)
	at org.apache.http.impl.execchain.MainClientExec.establishRoute(MainClientExec.java:380)
	at org.apache.http.impl.execchain.MainClientExec.execute(MainClientExec.java:236)
	at org.apache.http.impl.execchain.ProtocolExec.execute(ProtocolExec.java:184)
	at org.apache.http.impl.execchain.RetryExec.execute(RetryExec.java:88)
	at org.apache.http.impl.execchain.RedirectExec.execute(RedirectExec.java:110)
	at org.apache.http.impl.client.InternalHttpClient.doExecute(InternalHttpClient.java:184)
	at org.apache.http.impl.client.CloseableHttpClient.execute(CloseableHttpClient.java:82)
	at us.codecraft.webmagic.downloader.HttpClientDownloader.download(HttpClientDownloader.java:85)
	at us.codecraft.webmagic.Spider.processRequest(Spider.java:404)
	at us.codecraft.webmagic.Spider.access$000(Spider.java:61)
	at us.codecraft.webmagic.Spider$1.run(Spider.java:320)
	at us.codecraft.webmagic.thread.CountableThreadPool$1.run(CountableThreadPool.java:74)
	at java.util.concurrent.ThreadPoolExecutor.runWorker(ThreadPoolExecutor.java:1142)
	at java.util.concurrent.ThreadPoolExecutor$Worker.run(ThreadPoolExecutor.java:617)
	at java.lang.Thread.run(Thread.java:745)
2018-07-18 15:01:48,611 INFO [us.codecraft.webmagic.Spider] - Spider www.most.gov.cn closed! 1 pages downloaded.
2018-07-18 15:02:16,002 INFO [us.codecraft.webmagic.Spider] - Spider www.most.gov.cn started!
2018-07-18 15:02:17,202 INFO [us.codecraft.webmagic.downloader.HttpClientDownloader] - downloading page success http://www.most.gov.cn/kjjh/xmsb/sbzj/
2018-07-18 15:02:18,080 INFO [us.codecraft.webmagic.Spider] - Spider www.most.gov.cn closed! 1 pages downloaded.
2018-07-18 15:03:58,982 INFO [us.codecraft.webmagic.Spider] - Spider www.most.gov.cn started!
2018-07-18 15:03:59,544 INFO [us.codecraft.webmagic.downloader.HttpClientDownloader] - downloading page success http://www.most.gov.cn/kjjh/xmsb/sbzj/
2018-07-18 15:03:59,934 ERROR [us.codecraft.webmagic.Spider] - process request Request{url='http://www.most.gov.cn/kjjh/xmsb/sbzj/', method='null', extras=null, priority=0, headers={}, cookies={}} error
org.jsoup.select.Selector$SelectorParseException: Could not parse query ':first': unexpected token at ':first'
	at org.jsoup.select.QueryParser.findElements(QueryParser.java:204)
	at org.jsoup.select.QueryParser.parse(QueryParser.java:59)
	at org.jsoup.select.QueryParser.parse(QueryParser.java:42)
	at org.jsoup.select.QueryParser.not(QueryParser.java:376)
	at org.jsoup.select.QueryParser.findElements(QueryParser.java:178)
	at org.jsoup.select.QueryParser.parse(QueryParser.java:71)
	at org.jsoup.select.QueryParser.parse(QueryParser.java:42)
	at org.jsoup.select.QueryParser.combinator(QueryParser.java:87)
	at org.jsoup.select.QueryParser.parse(QueryParser.java:67)
	at org.jsoup.select.QueryParser.parse(QueryParser.java:42)
	at org.jsoup.select.Selector.<init>(Selector.java:86)
	at org.jsoup.select.Selector.select(Selector.java:108)
	at org.jsoup.nodes.Element.select(Element.java:322)
	at com.zxw.processor.Most.MostBriefPageProcessor.process(MostBriefPageProcessor.java:34)
	at us.codecraft.webmagic.Spider.onDownloadSuccess(Spider.java:414)
	at us.codecraft.webmagic.Spider.processRequest(Spider.java:406)
	at us.codecraft.webmagic.Spider.access$000(Spider.java:61)
	at us.codecraft.webmagic.Spider$1.run(Spider.java:320)
	at us.codecraft.webmagic.thread.CountableThreadPool$1.run(CountableThreadPool.java:74)
	at java.util.concurrent.ThreadPoolExecutor.runWorker(ThreadPoolExecutor.java:1142)
	at java.util.concurrent.ThreadPoolExecutor$Worker.run(ThreadPoolExecutor.java:617)
	at java.lang.Thread.run(Thread.java:745)
2018-07-18 15:04:29,941 INFO [us.codecraft.webmagic.Spider] - Spider www.most.gov.cn closed! 1 pages downloaded.
2018-07-18 15:05:51,274 INFO [us.codecraft.webmagic.Spider] - Spider www.most.gov.cn started!
2018-07-18 15:05:51,928 INFO [us.codecraft.webmagic.downloader.HttpClientDownloader] - downloading page success http://www.most.gov.cn/kjjh/xmsb/sbzj/
2018-07-18 15:05:52,810 INFO [us.codecraft.webmagic.Spider] - Spider www.most.gov.cn closed! 1 pages downloaded.
2018-07-18 15:06:09,798 INFO [us.codecraft.webmagic.Spider] - Spider www.most.gov.cn started!
2018-07-18 15:06:10,333 INFO [us.codecraft.webmagic.downloader.HttpClientDownloader] - downloading page success http://www.most.gov.cn/kjjh/xmsb/sbzj/
2018-07-18 15:06:11,213 INFO [us.codecraft.webmagic.Spider] - Spider www.most.gov.cn closed! 1 pages downloaded.
2018-07-18 15:16:05,069 INFO [us.codecraft.webmagic.Spider] - Spider www.most.gov.cn started!
2018-07-18 15:16:05,241 WARN [us.codecraft.webmagic.downloader.HttpClientDownloader] - download page http://www.most.gov.cn/kjjh/xmsb/sbzj/ error
java.net.UnknownHostException: www.most.gov.cn
	at java.net.Inet6AddressImpl.lookupAllHostAddr(Native Method)
	at java.net.InetAddress$2.lookupAllHostAddr(InetAddress.java:907)
	at java.net.InetAddress.getAddressesFromNameService(InetAddress.java:1302)
	at java.net.InetAddress.getAllByName0(InetAddress.java:1255)
	at java.net.InetAddress.getAllByName(InetAddress.java:1171)
	at java.net.InetAddress.getAllByName(InetAddress.java:1105)
	at org.apache.http.impl.conn.SystemDefaultDnsResolver.resolve(SystemDefaultDnsResolver.java:45)
	at org.apache.http.impl.conn.DefaultHttpClientConnectionOperator.connect(DefaultHttpClientConnectionOperator.java:111)
	at org.apache.http.impl.conn.PoolingHttpClientConnectionManager.connect(PoolingHttpClientConnectionManager.java:353)
	at org.apache.http.impl.execchain.MainClientExec.establishRoute(MainClientExec.java:380)
	at org.apache.http.impl.execchain.MainClientExec.execute(MainClientExec.java:236)
	at org.apache.http.impl.execchain.ProtocolExec.execute(ProtocolExec.java:184)
	at org.apache.http.impl.execchain.RetryExec.execute(RetryExec.java:88)
	at org.apache.http.impl.execchain.RedirectExec.execute(RedirectExec.java:110)
	at org.apache.http.impl.client.InternalHttpClient.doExecute(InternalHttpClient.java:184)
	at org.apache.http.impl.client.CloseableHttpClient.execute(CloseableHttpClient.java:82)
	at us.codecraft.webmagic.downloader.HttpClientDownloader.download(HttpClientDownloader.java:85)
	at us.codecraft.webmagic.Spider.processRequest(Spider.java:404)
	at us.codecraft.webmagic.Spider.access$000(Spider.java:61)
	at us.codecraft.webmagic.Spider$1.run(Spider.java:320)
	at us.codecraft.webmagic.thread.CountableThreadPool$1.run(CountableThreadPool.java:74)
	at java.util.concurrent.ThreadPoolExecutor.runWorker(ThreadPoolExecutor.java:1142)
	at java.util.concurrent.ThreadPoolExecutor$Worker.run(ThreadPoolExecutor.java:617)
	at java.lang.Thread.run(Thread.java:745)
2018-07-18 15:16:05,759 INFO [us.codecraft.webmagic.Spider] - Spider www.most.gov.cn closed! 1 pages downloaded.
2018-07-18 15:16:27,105 INFO [us.codecraft.webmagic.Spider] - Spider www.most.gov.cn started!
2018-07-18 15:16:27,985 INFO [us.codecraft.webmagic.downloader.HttpClientDownloader] - downloading page success http://www.most.gov.cn/kjjh/xmsb/sbzj/
2018-07-18 15:16:28,560 ERROR [us.codecraft.webmagic.Spider] - process request Request{url='http://www.most.gov.cn/kjjh/xmsb/sbzj/', method='null', extras=null, priority=0, headers={}, cookies={}} error
java.lang.IndexOutOfBoundsException: Index: 0, Size: 0
	at java.util.ArrayList.rangeCheck(ArrayList.java:653)
	at java.util.ArrayList.remove(ArrayList.java:492)
	at com.zxw.processor.Most.MostBriefPageProcessor.process(MostBriefPageProcessor.java:35)
	at us.codecraft.webmagic.Spider.onDownloadSuccess(Spider.java:414)
	at us.codecraft.webmagic.Spider.processRequest(Spider.java:406)
	at us.codecraft.webmagic.Spider.access$000(Spider.java:61)
	at us.codecraft.webmagic.Spider$1.run(Spider.java:320)
	at us.codecraft.webmagic.thread.CountableThreadPool$1.run(CountableThreadPool.java:74)
	at java.util.concurrent.ThreadPoolExecutor.runWorker(ThreadPoolExecutor.java:1142)
	at java.util.concurrent.ThreadPoolExecutor$Worker.run(ThreadPoolExecutor.java:617)
	at java.lang.Thread.run(Thread.java:745)
2018-07-18 15:16:28,566 INFO [us.codecraft.webmagic.Spider] - Spider www.most.gov.cn closed! 1 pages downloaded.
2018-07-18 15:17:04,936 INFO [us.codecraft.webmagic.Spider] - Spider www.most.gov.cn started!
2018-07-18 15:17:05,853 INFO [us.codecraft.webmagic.downloader.HttpClientDownloader] - downloading page success http://www.most.gov.cn/kjjh/xmsb/sbzj/
2018-07-18 15:17:06,338 ERROR [us.codecraft.webmagic.Spider] - process request Request{url='http://www.most.gov.cn/kjjh/xmsb/sbzj/', method='null', extras=null, priority=0, headers={}, cookies={}} error
java.lang.IndexOutOfBoundsException: Index: 1, Size: 0
	at java.util.ArrayList.rangeCheck(ArrayList.java:653)
	at java.util.ArrayList.remove(ArrayList.java:492)
	at com.zxw.processor.Most.MostBriefPageProcessor.process(MostBriefPageProcessor.java:35)
	at us.codecraft.webmagic.Spider.onDownloadSuccess(Spider.java:414)
	at us.codecraft.webmagic.Spider.processRequest(Spider.java:406)
	at us.codecraft.webmagic.Spider.access$000(Spider.java:61)
	at us.codecraft.webmagic.Spider$1.run(Spider.java:320)
	at us.codecraft.webmagic.thread.CountableThreadPool$1.run(CountableThreadPool.java:74)
	at java.util.concurrent.ThreadPoolExecutor.runWorker(ThreadPoolExecutor.java:1142)
	at java.util.concurrent.ThreadPoolExecutor$Worker.run(ThreadPoolExecutor.java:617)
	at java.lang.Thread.run(Thread.java:745)
2018-07-18 15:17:06,343 INFO [us.codecraft.webmagic.Spider] - Spider www.most.gov.cn closed! 1 pages downloaded.
2018-07-18 15:19:43,051 INFO [us.codecraft.webmagic.Spider] - Spider www.most.gov.cn started!
2018-07-18 15:19:54,322 WARN [us.codecraft.webmagic.downloader.HttpClientDownloader] - download page http://www.most.gov.cn/kjjh/xmsb/sbzj/ error
java.net.UnknownHostException: www.most.gov.cn
	at java.net.Inet6AddressImpl.lookupAllHostAddr(Native Method)
	at java.net.InetAddress$2.lookupAllHostAddr(InetAddress.java:907)
	at java.net.InetAddress.getAddressesFromNameService(InetAddress.java:1302)
	at java.net.InetAddress.getAllByName0(InetAddress.java:1255)
	at java.net.InetAddress.getAllByName(InetAddress.java:1171)
	at java.net.InetAddress.getAllByName(InetAddress.java:1105)
	at org.apache.http.impl.conn.SystemDefaultDnsResolver.resolve(SystemDefaultDnsResolver.java:45)
	at org.apache.http.impl.conn.DefaultHttpClientConnectionOperator.connect(DefaultHttpClientConnectionOperator.java:111)
	at org.apache.http.impl.conn.PoolingHttpClientConnectionManager.connect(PoolingHttpClientConnectionManager.java:353)
	at org.apache.http.impl.execchain.MainClientExec.establishRoute(MainClientExec.java:380)
	at org.apache.http.impl.execchain.MainClientExec.execute(MainClientExec.java:236)
	at org.apache.http.impl.execchain.ProtocolExec.execute(ProtocolExec.java:184)
	at org.apache.http.impl.execchain.RetryExec.execute(RetryExec.java:88)
	at org.apache.http.impl.execchain.RedirectExec.execute(RedirectExec.java:110)
	at org.apache.http.impl.client.InternalHttpClient.doExecute(InternalHttpClient.java:184)
	at org.apache.http.impl.client.CloseableHttpClient.execute(CloseableHttpClient.java:82)
	at us.codecraft.webmagic.downloader.HttpClientDownloader.download(HttpClientDownloader.java:85)
	at us.codecraft.webmagic.Spider.processRequest(Spider.java:404)
	at us.codecraft.webmagic.Spider.access$000(Spider.java:61)
	at us.codecraft.webmagic.Spider$1.run(Spider.java:320)
	at us.codecraft.webmagic.thread.CountableThreadPool$1.run(CountableThreadPool.java:74)
	at java.util.concurrent.ThreadPoolExecutor.runWorker(ThreadPoolExecutor.java:1142)
	at java.util.concurrent.ThreadPoolExecutor$Worker.run(ThreadPoolExecutor.java:617)
	at java.lang.Thread.run(Thread.java:745)
2018-07-18 15:19:54,839 INFO [us.codecraft.webmagic.Spider] - Spider www.most.gov.cn closed! 1 pages downloaded.
2018-07-18 15:20:19,657 INFO [us.codecraft.webmagic.Spider] - Spider www.most.gov.cn started!
2018-07-18 15:20:20,431 INFO [us.codecraft.webmagic.downloader.HttpClientDownloader] - downloading page success http://www.most.gov.cn/kjjh/xmsb/sbzj/
2018-07-18 15:20:21,111 ERROR [us.codecraft.webmagic.Spider] - process request Request{url='http://www.most.gov.cn/kjjh/xmsb/sbzj/', method='null', extras=null, priority=0, headers={}, cookies={}} error
java.lang.IndexOutOfBoundsException: Index: 1, Size: 0
	at java.util.ArrayList.rangeCheck(ArrayList.java:653)
	at java.util.ArrayList.remove(ArrayList.java:492)
	at com.zxw.processor.Most.MostBriefPageProcessor.process(MostBriefPageProcessor.java:36)
	at us.codecraft.webmagic.Spider.onDownloadSuccess(Spider.java:414)
	at us.codecraft.webmagic.Spider.processRequest(Spider.java:406)
	at us.codecraft.webmagic.Spider.access$000(Spider.java:61)
	at us.codecraft.webmagic.Spider$1.run(Spider.java:320)
	at us.codecraft.webmagic.thread.CountableThreadPool$1.run(CountableThreadPool.java:74)
	at java.util.concurrent.ThreadPoolExecutor.runWorker(ThreadPoolExecutor.java:1142)
	at java.util.concurrent.ThreadPoolExecutor$Worker.run(ThreadPoolExecutor.java:617)
	at java.lang.Thread.run(Thread.java:745)
2018-07-18 15:20:21,116 INFO [us.codecraft.webmagic.Spider] - Spider www.most.gov.cn closed! 1 pages downloaded.
2018-07-18 15:20:36,945 INFO [us.codecraft.webmagic.Spider] - Spider www.most.gov.cn started!
2018-07-18 15:20:37,514 INFO [us.codecraft.webmagic.downloader.HttpClientDownloader] - downloading page success http://www.most.gov.cn/kjjh/xmsb/sbzj/
2018-07-18 15:20:38,400 INFO [us.codecraft.webmagic.Spider] - Spider www.most.gov.cn closed! 1 pages downloaded.
2018-07-18 15:20:57,738 INFO [us.codecraft.webmagic.Spider] - Spider www.most.gov.cn started!
2018-07-18 15:20:58,592 INFO [us.codecraft.webmagic.downloader.HttpClientDownloader] - downloading page success http://www.most.gov.cn/kjjh/xmsb/sbzj/
2018-07-18 15:20:59,517 INFO [us.codecraft.webmagic.Spider] - Spider www.most.gov.cn closed! 1 pages downloaded.
2018-07-18 15:22:19,125 INFO [us.codecraft.webmagic.Spider] - Spider www.most.gov.cn started!
2018-07-18 15:22:19,726 INFO [us.codecraft.webmagic.downloader.HttpClientDownloader] - downloading page success http://www.most.gov.cn/kjjh/xmsb/sbzj/
2018-07-18 15:22:20,586 INFO [us.codecraft.webmagic.Spider] - Spider www.most.gov.cn closed! 1 pages downloaded.
2018-07-18 15:23:10,280 INFO [us.codecraft.webmagic.Spider] - Spider www.most.gov.cn started!
2018-07-18 15:23:10,925 INFO [us.codecraft.webmagic.downloader.HttpClientDownloader] - downloading page success http://www.most.gov.cn/kjjh/xmsb/sbzj/
2018-07-18 15:23:11,802 INFO [us.codecraft.webmagic.Spider] - Spider www.most.gov.cn closed! 1 pages downloaded.
2018-07-18 15:23:45,304 INFO [us.codecraft.webmagic.Spider] - Spider www.most.gov.cn started!
2018-07-18 15:23:45,923 INFO [us.codecraft.webmagic.downloader.HttpClientDownloader] - downloading page success http://www.most.gov.cn/kjjh/xmsb/sbzj/
2018-07-18 15:23:46,812 INFO [us.codecraft.webmagic.Spider] - Spider www.most.gov.cn closed! 1 pages downloaded.
2018-07-18 15:30:09,655 INFO [us.codecraft.webmagic.Spider] - Spider www.most.gov.cn started!
2018-07-18 15:30:10,309 INFO [us.codecraft.webmagic.downloader.HttpClientDownloader] - downloading page success http://www.most.gov.cn/kjjh/xmsb/sbzj/
2018-07-18 15:30:41,184 INFO [us.codecraft.webmagic.Spider] - Spider www.most.gov.cn closed! 1 pages downloaded.
2018-07-18 15:30:42,095 INFO [us.codecraft.webmagic.Spider] - Spider www.most.gov.cn started!
2018-07-18 15:30:43,257 INFO [us.codecraft.webmagic.downloader.HttpClientDownloader] - downloading page success http://www.most.gov.cn/kjjh/xmsb/sbzj/
2018-07-18 15:30:44,128 INFO [us.codecraft.webmagic.Spider] - Spider www.most.gov.cn closed! 1 pages downloaded.
2018-07-18 15:34:37,326 INFO [us.codecraft.webmagic.Spider] - Spider www.most.gov.cn started!
2018-07-18 15:34:39,297 INFO [us.codecraft.webmagic.downloader.HttpClientDownloader] - downloading page success http://www.most.gov.cn/kjjh/xmsb/sbzj/
2018-07-18 15:34:40,103 INFO [us.codecraft.webmagic.Spider] - Spider www.most.gov.cn closed! 1 pages downloaded.
2018-07-18 15:35:05,643 INFO [us.codecraft.webmagic.Spider] - Spider www.most.gov.cn started!
2018-07-18 15:35:06,305 INFO [us.codecraft.webmagic.downloader.HttpClientDownloader] - downloading page success http://www.most.gov.cn/kjjh/xmsb/sbzj/
2018-07-18 15:35:07,495 INFO [us.codecraft.webmagic.Spider] - Spider www.most.gov.cn closed! 1 pages downloaded.
2018-07-18 15:36:42,320 INFO [us.codecraft.webmagic.Spider] - Spider www.most.gov.cn started!
2018-07-18 15:36:45,452 INFO [us.codecraft.webmagic.downloader.HttpClientDownloader] - downloading page success http://www.most.gov.cn/kjjh/xmsb/sbzj/
2018-07-18 15:36:46,298 INFO [us.codecraft.webmagic.Spider] - Spider www.most.gov.cn closed! 1 pages downloaded.
2018-07-18 15:36:57,989 INFO [us.codecraft.webmagic.Spider] - Spider www.most.gov.cn started!
2018-07-18 15:37:10,592 WARN [us.codecraft.webmagic.downloader.HttpClientDownloader] - download page http://www.most.gov.cn/kjjh/xmsb/sbzj/ error
java.net.UnknownHostException: www.most.gov.cn
	at java.net.Inet6AddressImpl.lookupAllHostAddr(Native Method)
	at java.net.InetAddress$2.lookupAllHostAddr(InetAddress.java:907)
	at java.net.InetAddress.getAddressesFromNameService(InetAddress.java:1302)
	at java.net.InetAddress.getAllByName0(InetAddress.java:1255)
	at java.net.InetAddress.getAllByName(InetAddress.java:1171)
	at java.net.InetAddress.getAllByName(InetAddress.java:1105)
	at org.apache.http.impl.conn.SystemDefaultDnsResolver.resolve(SystemDefaultDnsResolver.java:45)
	at org.apache.http.impl.conn.DefaultHttpClientConnectionOperator.connect(DefaultHttpClientConnectionOperator.java:111)
	at org.apache.http.impl.conn.PoolingHttpClientConnectionManager.connect(PoolingHttpClientConnectionManager.java:353)
	at org.apache.http.impl.execchain.MainClientExec.establishRoute(MainClientExec.java:380)
	at org.apache.http.impl.execchain.MainClientExec.execute(MainClientExec.java:236)
	at org.apache.http.impl.execchain.ProtocolExec.execute(ProtocolExec.java:184)
	at org.apache.http.impl.execchain.RetryExec.execute(RetryExec.java:88)
	at org.apache.http.impl.execchain.RedirectExec.execute(RedirectExec.java:110)
	at org.apache.http.impl.client.InternalHttpClient.doExecute(InternalHttpClient.java:184)
	at org.apache.http.impl.client.CloseableHttpClient.execute(CloseableHttpClient.java:82)
	at us.codecraft.webmagic.downloader.HttpClientDownloader.download(HttpClientDownloader.java:85)
	at us.codecraft.webmagic.Spider.processRequest(Spider.java:404)
	at us.codecraft.webmagic.Spider.access$000(Spider.java:61)
	at us.codecraft.webmagic.Spider$1.run(Spider.java:320)
	at us.codecraft.webmagic.thread.CountableThreadPool$1.run(CountableThreadPool.java:74)
	at java.util.concurrent.ThreadPoolExecutor.runWorker(ThreadPoolExecutor.java:1142)
	at java.util.concurrent.ThreadPoolExecutor$Worker.run(ThreadPoolExecutor.java:617)
	at java.lang.Thread.run(Thread.java:745)
2018-07-18 15:37:11,113 INFO [us.codecraft.webmagic.Spider] - Spider www.most.gov.cn closed! 1 pages downloaded.
2018-07-18 15:37:35,741 INFO [us.codecraft.webmagic.Spider] - Spider www.most.gov.cn started!
2018-07-18 15:37:36,428 INFO [us.codecraft.webmagic.downloader.HttpClientDownloader] - downloading page success http://www.most.gov.cn/kjjh/xmsb/sbzj/
2018-07-18 15:37:37,296 INFO [us.codecraft.webmagic.Spider] - Spider www.most.gov.cn closed! 1 pages downloaded.
2018-07-18 15:38:26,711 INFO [us.codecraft.webmagic.Spider] - Spider www.most.gov.cn started!
2018-07-18 15:38:27,343 INFO [us.codecraft.webmagic.downloader.HttpClientDownloader] - downloading page success http://www.most.gov.cn/kjjh/xmsb/sbzj/
2018-07-18 15:38:28,240 INFO [us.codecraft.webmagic.Spider] - Spider www.most.gov.cn closed! 1 pages downloaded.
2018-07-18 15:39:02,816 INFO [us.codecraft.webmagic.Spider] - Spider www.most.gov.cn started!
2018-07-18 15:39:03,380 INFO [us.codecraft.webmagic.downloader.HttpClientDownloader] - downloading page success http://www.most.gov.cn/kjjh/xmsb/sbzj/
2018-07-18 15:39:04,230 INFO [us.codecraft.webmagic.Spider] - Spider www.most.gov.cn closed! 1 pages downloaded.
2018-07-18 15:40:27,628 INFO [us.codecraft.webmagic.Spider] - Spider www.most.gov.cn started!
2018-07-18 15:40:27,809 WARN [us.codecraft.webmagic.downloader.HttpClientDownloader] - download page http://www.most.gov.cn/kjjh/xmsb/sbzj/ error
java.net.UnknownHostException: www.most.gov.cn
	at java.net.Inet6AddressImpl.lookupAllHostAddr(Native Method)
	at java.net.InetAddress$2.lookupAllHostAddr(InetAddress.java:907)
	at java.net.InetAddress.getAddressesFromNameService(InetAddress.java:1302)
	at java.net.InetAddress.getAllByName0(InetAddress.java:1255)
	at java.net.InetAddress.getAllByName(InetAddress.java:1171)
	at java.net.InetAddress.getAllByName(InetAddress.java:1105)
	at org.apache.http.impl.conn.SystemDefaultDnsResolver.resolve(SystemDefaultDnsResolver.java:45)
	at org.apache.http.impl.conn.DefaultHttpClientConnectionOperator.connect(DefaultHttpClientConnectionOperator.java:111)
	at org.apache.http.impl.conn.PoolingHttpClientConnectionManager.connect(PoolingHttpClientConnectionManager.java:353)
	at org.apache.http.impl.execchain.MainClientExec.establishRoute(MainClientExec.java:380)
	at org.apache.http.impl.execchain.MainClientExec.execute(MainClientExec.java:236)
	at org.apache.http.impl.execchain.ProtocolExec.execute(ProtocolExec.java:184)
	at org.apache.http.impl.execchain.RetryExec.execute(RetryExec.java:88)
	at org.apache.http.impl.execchain.RedirectExec.execute(RedirectExec.java:110)
	at org.apache.http.impl.client.InternalHttpClient.doExecute(InternalHttpClient.java:184)
	at org.apache.http.impl.client.CloseableHttpClient.execute(CloseableHttpClient.java:82)
	at us.codecraft.webmagic.downloader.HttpClientDownloader.download(HttpClientDownloader.java:85)
	at us.codecraft.webmagic.Spider.processRequest(Spider.java:404)
	at us.codecraft.webmagic.Spider.access$000(Spider.java:61)
	at us.codecraft.webmagic.Spider$1.run(Spider.java:320)
	at us.codecraft.webmagic.thread.CountableThreadPool$1.run(CountableThreadPool.java:74)
	at java.util.concurrent.ThreadPoolExecutor.runWorker(ThreadPoolExecutor.java:1142)
	at java.util.concurrent.ThreadPoolExecutor$Worker.run(ThreadPoolExecutor.java:617)
	at java.lang.Thread.run(Thread.java:745)
2018-07-18 15:40:28,319 INFO [us.codecraft.webmagic.Spider] - Spider www.most.gov.cn closed! 1 pages downloaded.
2018-07-18 15:40:48,038 INFO [us.codecraft.webmagic.Spider] - Spider www.most.gov.cn started!
2018-07-18 15:40:49,623 INFO [us.codecraft.webmagic.downloader.HttpClientDownloader] - downloading page success http://www.most.gov.cn/kjjh/xmsb/sbzj/
2018-07-18 15:40:50,446 INFO [us.codecraft.webmagic.Spider] - Spider www.most.gov.cn closed! 1 pages downloaded.
2018-07-18 15:44:49,078 INFO [us.codecraft.webmagic.Spider] - Spider www.most.gov.cn started!
2018-07-18 15:44:49,701 INFO [us.codecraft.webmagic.downloader.HttpClientDownloader] - downloading page success http://www.most.gov.cn/kjjh/xmsb/sbzj/
2018-07-18 15:44:50,690 INFO [us.codecraft.webmagic.Spider] - Spider www.most.gov.cn closed! 1 pages downloaded.
2018-07-18 15:45:17,314 INFO [us.codecraft.webmagic.Spider] - Spider www.most.gov.cn started!
2018-07-18 15:45:17,898 INFO [us.codecraft.webmagic.downloader.HttpClientDownloader] - downloading page success http://www.most.gov.cn/kjjh/xmsb/sbzj/
2018-07-18 15:45:48,785 INFO [us.codecraft.webmagic.Spider] - Spider www.most.gov.cn closed! 1 pages downloaded.
2018-07-18 15:46:44,770 INFO [us.codecraft.webmagic.Spider] - Spider www.most.gov.cn started!
2018-07-18 15:46:45,623 INFO [us.codecraft.webmagic.downloader.HttpClientDownloader] - downloading page success http://www.most.gov.cn/kjjh/xmsb/sbzj/
2018-07-18 15:46:46,712 INFO [us.codecraft.webmagic.Spider] - Spider www.most.gov.cn closed! 1 pages downloaded.
2018-07-18 15:52:36,453 INFO [us.codecraft.webmagic.Spider] - Spider www.most.gov.cn started!
2018-07-18 15:52:37,045 INFO [us.codecraft.webmagic.downloader.HttpClientDownloader] - downloading page success http://www.most.gov.cn/kjjh/xmsb/sbzj/
2018-07-18 15:52:37,964 INFO [us.codecraft.webmagic.Spider] - Spider www.most.gov.cn closed! 1 pages downloaded.
2018-07-18 15:54:11,920 INFO [us.codecraft.webmagic.Spider] - Spider www.most.gov.cn started!
2018-07-18 15:54:12,542 INFO [us.codecraft.webmagic.downloader.HttpClientDownloader] - downloading page success http://www.most.gov.cn/kjjh/xmsb/sbzj/
2018-07-18 15:54:43,436 INFO [us.codecraft.webmagic.Spider] - Spider www.most.gov.cn closed! 1 pages downloaded.
2018-07-18 15:58:35,363 INFO [us.codecraft.webmagic.Spider] - Spider www.most.gov.cn started!
2018-07-18 15:58:38,491 INFO [us.codecraft.webmagic.downloader.HttpClientDownloader] - downloading page success http://www.most.gov.cn/kjjh/xmsb/sbzj/
2018-07-18 15:58:39,303 INFO [us.codecraft.webmagic.Spider] - Spider www.most.gov.cn closed! 1 pages downloaded.
2018-07-18 15:59:12,948 INFO [us.codecraft.webmagic.Spider] - Spider www.most.gov.cn started!
2018-07-18 15:59:13,556 INFO [us.codecraft.webmagic.downloader.HttpClientDownloader] - downloading page success http://www.most.gov.cn/kjjh/xmsb/sbzj/
2018-07-18 15:59:14,443 INFO [us.codecraft.webmagic.Spider] - Spider www.most.gov.cn closed! 1 pages downloaded.
2018-07-18 16:01:05,306 INFO [us.codecraft.webmagic.Spider] - Spider www.most.gov.cn started!
2018-07-18 16:01:05,918 INFO [us.codecraft.webmagic.downloader.HttpClientDownloader] - downloading page success http://www.most.gov.cn/kjjh/xmsb/sbzj/
2018-07-18 16:01:06,806 INFO [us.codecraft.webmagic.Spider] - Spider www.most.gov.cn closed! 1 pages downloaded.
2018-07-18 16:01:47,367 INFO [us.codecraft.webmagic.Spider] - Spider www.most.gov.cn started!
2018-07-18 16:01:47,977 INFO [us.codecraft.webmagic.downloader.HttpClientDownloader] - downloading page success http://www.most.gov.cn/kjjh/xmsb/sbzj/
2018-07-18 16:02:18,913 INFO [us.codecraft.webmagic.Spider] - Spider www.most.gov.cn closed! 1 pages downloaded.
2018-07-18 16:07:23,392 INFO [us.codecraft.webmagic.Spider] - Spider www.most.gov.cn started!
2018-07-18 16:07:35,541 WARN [us.codecraft.webmagic.downloader.HttpClientDownloader] - download page http://www.most.gov.cn/kjjh/xmsb/sbzj/ error
java.net.UnknownHostException: www.most.gov.cn
	at java.net.Inet6AddressImpl.lookupAllHostAddr(Native Method)
	at java.net.InetAddress$2.lookupAllHostAddr(InetAddress.java:907)
	at java.net.InetAddress.getAddressesFromNameService(InetAddress.java:1302)
	at java.net.InetAddress.getAllByName0(InetAddress.java:1255)
	at java.net.InetAddress.getAllByName(InetAddress.java:1171)
	at java.net.InetAddress.getAllByName(InetAddress.java:1105)
	at org.apache.http.impl.conn.SystemDefaultDnsResolver.resolve(SystemDefaultDnsResolver.java:45)
	at org.apache.http.impl.conn.DefaultHttpClientConnectionOperator.connect(DefaultHttpClientConnectionOperator.java:111)
	at org.apache.http.impl.conn.PoolingHttpClientConnectionManager.connect(PoolingHttpClientConnectionManager.java:353)
	at org.apache.http.impl.execchain.MainClientExec.establishRoute(MainClientExec.java:380)
	at org.apache.http.impl.execchain.MainClientExec.execute(MainClientExec.java:236)
	at org.apache.http.impl.execchain.ProtocolExec.execute(ProtocolExec.java:184)
	at org.apache.http.impl.execchain.RetryExec.execute(RetryExec.java:88)
	at org.apache.http.impl.execchain.RedirectExec.execute(RedirectExec.java:110)
	at org.apache.http.impl.client.InternalHttpClient.doExecute(InternalHttpClient.java:184)
	at org.apache.http.impl.client.CloseableHttpClient.execute(CloseableHttpClient.java:82)
	at us.codecraft.webmagic.downloader.HttpClientDownloader.download(HttpClientDownloader.java:85)
	at us.codecraft.webmagic.Spider.processRequest(Spider.java:404)
	at us.codecraft.webmagic.Spider.access$000(Spider.java:61)
	at us.codecraft.webmagic.Spider$1.run(Spider.java:320)
	at us.codecraft.webmagic.thread.CountableThreadPool$1.run(CountableThreadPool.java:74)
	at java.util.concurrent.ThreadPoolExecutor.runWorker(ThreadPoolExecutor.java:1142)
	at java.util.concurrent.ThreadPoolExecutor$Worker.run(ThreadPoolExecutor.java:617)
	at java.lang.Thread.run(Thread.java:745)
2018-07-18 16:07:36,066 INFO [us.codecraft.webmagic.Spider] - Spider www.most.gov.cn closed! 1 pages downloaded.
2018-07-18 16:08:04,791 INFO [us.codecraft.webmagic.Spider] - Spider www.most.gov.cn started!
2018-07-18 16:08:05,677 INFO [us.codecraft.webmagic.downloader.HttpClientDownloader] - downloading page success http://www.most.gov.cn/kjjh/xmsb/sbzj/
2018-07-18 16:08:06,611 INFO [us.codecraft.webmagic.Spider] - Spider www.most.gov.cn closed! 1 pages downloaded.
2018-07-18 16:10:56,435 INFO [us.codecraft.webmagic.Spider] - Spider www.most.gov.cn started!
2018-07-18 16:10:57,124 INFO [us.codecraft.webmagic.downloader.HttpClientDownloader] - downloading page success http://www.most.gov.cn/kjjh/xmsb/sbzj/
2018-07-18 16:11:28,042 INFO [us.codecraft.webmagic.Spider] - Spider www.most.gov.cn closed! 1 pages downloaded.
2018-07-18 16:12:07,991 INFO [us.codecraft.webmagic.Spider] - Spider www.most.gov.cn started!
2018-07-18 16:12:08,537 INFO [us.codecraft.webmagic.downloader.HttpClientDownloader] - downloading page success http://www.most.gov.cn/kjjh/xmsb/sbzj/
2018-07-18 16:12:09,476 INFO [us.codecraft.webmagic.Spider] - Spider www.most.gov.cn closed! 1 pages downloaded.
2018-07-18 16:13:08,951 INFO [us.codecraft.webmagic.Spider] - Spider www.most.gov.cn started!
2018-07-18 16:13:09,696 INFO [us.codecraft.webmagic.downloader.HttpClientDownloader] - downloading page success http://www.most.gov.cn/kjjh/xmsb/sbzj/
2018-07-18 16:13:10,717 INFO [us.codecraft.webmagic.Spider] - Spider www.most.gov.cn closed! 1 pages downloaded.
2018-07-18 16:13:17,441 INFO [us.codecraft.webmagic.Spider] - Spider www.most.gov.cn started!
2018-07-18 16:13:18,240 INFO [us.codecraft.webmagic.downloader.HttpClientDownloader] - downloading page success http://www.most.gov.cn/kjjh/xmsb/sbzj/
2018-07-18 16:13:19,282 INFO [us.codecraft.webmagic.Spider] - Spider www.most.gov.cn closed! 1 pages downloaded.
2018-07-18 16:13:47,680 INFO [us.codecraft.webmagic.Spider] - Spider www.most.gov.cn started!
2018-07-18 16:13:48,804 INFO [us.codecraft.webmagic.downloader.HttpClientDownloader] - downloading page success http://www.most.gov.cn/kjjh/xmsb/sbzj/
2018-07-18 16:13:49,722 INFO [us.codecraft.webmagic.Spider] - Spider www.most.gov.cn closed! 1 pages downloaded.
2018-07-18 16:18:46,499 INFO [us.codecraft.webmagic.Spider] - Spider www.most.gov.cn started!
2018-07-18 16:18:50,674 INFO [us.codecraft.webmagic.downloader.HttpClientDownloader] - downloading page success http://www.most.gov.cn/kjjh/xmsb/sbzj/
